  [1m[36m (10.0ms)[0m  [1mCREATE TABLE "schema_migrations" ("version" varchar(255) NOT NULL) [0m
  [1m[35m (9.9ms)[0m  CREATE UNIQUE INDEX "unique_schema_migrations" ON "schema_migrations" ("version")
  [1m[36mActiveRecord::SchemaMigration Load (2.6ms)[0m  [1mSELECT "schema_migrations".* FROM "schema_migrations"[0m
Migrating to CreateMovies (20160229202419)
  [1m[35m (0.1ms)[0m  begin transaction
  [1m[36m (8.6ms)[0m  [1mCREATE TABLE "movies" ("id" INTEGER PRIMARY KEY AUTOINCREMENT NOT NULL, "title" varchar(255), "director" varchar(255), "runtime_in_minutes" integer, "description" text, "poster_image_url" varchar(255), "release_date" datetime, "created_at" datetime, "updated_at" datetime) [0m
  [1m[35mSQL (2.9ms)[0m  INSERT INTO "schema_migrations" ("version") VALUES (?)  [["version", "20160229202419"]]
  [1m[36m (7.5ms)[0m  [1mcommit transaction[0m
  [1m[35mActiveRecord::SchemaMigration Load (2.9ms)[0m  SELECT "schema_migrations".* FROM "schema_migrations"


Started GET "/" for 10.0.2.2 at 2016-02-29 20:34:17 +0000
  [1m[36mActiveRecord::SchemaMigration Load (3.7ms)[0m  [1mSELECT "schema_migrations".* FROM "schema_migrations"[0m

ActionController::RoutingError (uninitialized constant MoviesController):
  activesupport (4.0.0) lib/active_support/inflector/methods.rb:226:in `const_get'
  activesupport (4.0.0) lib/active_support/inflector/methods.rb:226:in `block in constantize'
  activesupport (4.0.0) lib/active_support/inflector/methods.rb:224:in `each'
  activesupport (4.0.0) lib/active_support/inflector/methods.rb:224:in `inject'
  activesupport (4.0.0) lib/active_support/inflector/methods.rb:224:in `constantize'
  actionpack (4.0.0) lib/action_dispatch/routing/route_set.rb:76:in `controller_reference'
  actionpack (4.0.0) lib/action_dispatch/routing/route_set.rb:66:in `controller'
  actionpack (4.0.0) lib/action_dispatch/routing/route_set.rb:44:in `call'
  actionpack (4.0.0) lib/action_dispatch/journey/router.rb:71:in `block in call'
  actionpack (4.0.0) lib/action_dispatch/journey/router.rb:59:in `each'
  actionpack (4.0.0) lib/action_dispatch/journey/router.rb:59:in `call'
  actionpack (4.0.0) lib/action_dispatch/routing/route_set.rb:655:in `call'
  rack (1.5.5) lib/rack/etag.rb:23:in `call'
  rack (1.5.5) lib/rack/conditionalget.rb:25:in `call'
  rack (1.5.5) lib/rack/head.rb:11:in `call'
  actionpack (4.0.0) lib/action_dispatch/middleware/params_parser.rb:27:in `call'
  actionpack (4.0.0) lib/action_dispatch/middleware/flash.rb:241:in `call'
  rack (1.5.5) lib/rack/session/abstract/id.rb:225:in `context'
  rack (1.5.5) lib/rack/session/abstract/id.rb:220:in `call'
  actionpack (4.0.0) lib/action_dispatch/middleware/cookies.rb:486:in `call'
  activerecord (4.0.0) lib/active_record/query_cache.rb:36:in `call'
  activerecord (4.0.0) lib/active_record/connection_adapters/abstract/connection_pool.rb:626:in `call'
  activerecord (4.0.0) lib/active_record/migration.rb:369:in `call'
  actionpack (4.0.0) lib/action_dispatch/middleware/callbacks.rb:29:in `block in call'
  activesupport (4.0.0) lib/active_support/callbacks.rb:373:in `_run__616043201__call__callbacks'
  activesupport (4.0.0) lib/active_support/callbacks.rb:80:in `run_callbacks'
  actionpack (4.0.0) lib/action_dispatch/middleware/callbacks.rb:27:in `call'
  actionpack (4.0.0) lib/action_dispatch/middleware/reloader.rb:64:in `call'
  actionpack (4.0.0) lib/action_dispatch/middleware/remote_ip.rb:76:in `call'
  actionpack (4.0.0) lib/action_dispatch/middleware/debug_exceptions.rb:17:in `call'
  actionpack (4.0.0) lib/action_dispatch/middleware/show_exceptions.rb:30:in `call'
  railties (4.0.0) lib/rails/rack/logger.rb:38:in `call_app'
  railties (4.0.0) lib/rails/rack/logger.rb:21:in `block in call'
  activesupport (4.0.0) lib/active_support/tagged_logging.rb:67:in `block in tagged'
  activesupport (4.0.0) lib/active_support/tagged_logging.rb:25:in `tagged'
  activesupport (4.0.0) lib/active_support/tagged_logging.rb:67:in `tagged'
  railties (4.0.0) lib/rails/rack/logger.rb:21:in `call'
  actionpack (4.0.0) lib/action_dispatch/middleware/request_id.rb:21:in `call'
  rack (1.5.5) lib/rack/methodoverride.rb:21:in `call'
  rack (1.5.5) lib/rack/runtime.rb:17:in `call'
  activesupport (4.0.0) lib/active_support/cache/strategy/local_cache.rb:83:in `call'
  rack (1.5.5) lib/rack/lock.rb:17:in `call'
  actionpack (4.0.0) lib/action_dispatch/middleware/static.rb:64:in `call'
  railties (4.0.0) lib/rails/engine.rb:511:in `call'
  railties (4.0.0) lib/rails/application.rb:97:in `call'
  rack (1.5.5) lib/rack/lock.rb:17:in `call'
  rack (1.5.5) lib/rack/content_length.rb:14:in `call'
  rack (1.5.5) lib/rack/handler/webrick.rb:60:in `service'
  /usr/local/rvm/rubies/ruby-2.1.3/lib/ruby/2.1.0/webrick/httpserver.rb:138:in `service'
  /usr/local/rvm/rubies/ruby-2.1.3/lib/ruby/2.1.0/webrick/httpserver.rb:94:in `run'
  /usr/local/rvm/rubies/ruby-2.1.3/lib/ruby/2.1.0/webrick/server.rb:295:in `block in start_thread'


  Rendered /usr/local/rvm/gems/ruby-2.1.3/gems/actionpack-4.0.0/lib/action_dispatch/middleware/templates/rescues/_trace.erb (2.6ms)
  Rendered /usr/local/rvm/gems/ruby-2.1.3/gems/actionpack-4.0.0/lib/action_dispatch/middleware/templates/routes/_route.html.erb (2.2ms)
  Rendered /usr/local/rvm/gems/ruby-2.1.3/gems/actionpack-4.0.0/lib/action_dispatch/middleware/templates/routes/_table.html.erb (36.2ms)
  Rendered /usr/local/rvm/gems/ruby-2.1.3/gems/actionpack-4.0.0/lib/action_dispatch/middleware/templates/rescues/routing_error.erb within rescues/layout (100.2ms)


Started GET "/" for 10.0.2.2 at 2016-02-29 20:36:31 +0000
Processing by MoviesController#index as HTML
  Rendered movies/index.html.erb within layouts/application (0.7ms)
Completed 200 OK in 1913ms (Views: 1858.5ms | ActiveRecord: 0.0ms)


Started GET "/assets/application.css?body=1" for 10.0.2.2 at 2016-02-29 20:36:34 +0000


Started GET "/assets/jquery.js?body=1" for 10.0.2.2 at 2016-02-29 20:36:34 +0000


Started GET "/assets/jquery_ujs.js?body=1" for 10.0.2.2 at 2016-02-29 20:36:34 +0000


Started GET "/assets/turbolinks.js?body=1" for 10.0.2.2 at 2016-02-29 20:36:34 +0000


Started GET "/assets/application.js?body=1" for 10.0.2.2 at 2016-02-29 20:36:34 +0000


Started GET "/movies" for 10.0.2.2 at 2016-02-29 20:36:40 +0000
Processing by MoviesController#index as HTML
  Rendered movies/index.html.erb within layouts/application (0.2ms)
Completed 200 OK in 164ms (Views: 162.0ms | ActiveRecord: 0.0ms)


Started GET "/assets/jquery.js?body=1" for 10.0.2.2 at 2016-02-29 20:36:41 +0000


Started GET "/assets/application.css?body=1" for 10.0.2.2 at 2016-02-29 20:36:41 +0000


Started GET "/assets/application.js?body=1" for 10.0.2.2 at 2016-02-29 20:36:41 +0000


Started GET "/assets/jquery_ujs.js?body=1" for 10.0.2.2 at 2016-02-29 20:36:41 +0000


Started GET "/assets/turbolinks.js?body=1" for 10.0.2.2 at 2016-02-29 20:36:41 +0000


Started GET "/" for 10.0.2.2 at 2016-03-01 03:18:47 +0000
  [1m[36mActiveRecord::SchemaMigration Load (2.8ms)[0m  [1mSELECT "schema_migrations".* FROM "schema_migrations"[0m
Processing by MoviesController#index as HTML
  Rendered movies/index.html.erb within layouts/application (10.3ms)
Completed 200 OK in 510ms (Views: 422.7ms | ActiveRecord: 0.0ms)


Started GET "/assets/application.css?body=1" for 10.0.2.2 at 2016-03-01 03:18:49 +0000


Started GET "/assets/jquery.js?body=1" for 10.0.2.2 at 2016-03-01 03:18:49 +0000


Started GET "/assets/jquery_ujs.js?body=1" for 10.0.2.2 at 2016-03-01 03:18:49 +0000


Started GET "/assets/turbolinks.js?body=1" for 10.0.2.2 at 2016-03-01 03:18:49 +0000


Started GET "/assets/application.js?body=1" for 10.0.2.2 at 2016-03-01 03:18:50 +0000


Started GET "/movies" for 10.0.2.2 at 2016-03-01 03:18:57 +0000
Processing by MoviesController#index as HTML
  Rendered movies/index.html.erb within layouts/application (0.1ms)
Completed 200 OK in 154ms (Views: 152.8ms | ActiveRecord: 0.0ms)


Started GET "/assets/application.css?body=1" for 10.0.2.2 at 2016-03-01 03:18:57 +0000


Started GET "/assets/jquery.js?body=1" for 10.0.2.2 at 2016-03-01 03:18:57 +0000


Started GET "/assets/jquery_ujs.js?body=1" for 10.0.2.2 at 2016-03-01 03:18:57 +0000


Started GET "/assets/turbolinks.js?body=1" for 10.0.2.2 at 2016-03-01 03:18:57 +0000


Started GET "/assets/application.js?body=1" for 10.0.2.2 at 2016-03-01 03:18:57 +0000
  [1m[36mActiveRecord::SchemaMigration Load (3.3ms)[0m  [1mSELECT "schema_migrations".* FROM "schema_migrations"[0m
  [1m[36mActiveRecord::SchemaMigration Load (2.4ms)[0m  [1mSELECT "schema_migrations".* FROM "schema_migrations"[0m
  [1m[35m (0.1ms)[0m  begin transaction
  [1m[36mSQL (20.8ms)[0m  [1mINSERT INTO "movies" ("created_at", "description", "director", "poster_image_url", "release_date", "runtime_in_minutes", "title", "updated_at") VALUES (?, ?, ?, ?, ?, ?, ?, ?)[0m  [["created_at", Tue, 01 Mar 2016 03:30:14 UTC +00:00], ["description", "Two slacker friends try to promote their public-access cable show."], ["director", "Penelope Spheeris"], ["poster_image_url", "http://clashmusic.com/sites/default/files/styles/article_feature/public/field/image/waynes-world-3.jpg?itok=PIbjt3FO"], ["release_date", Fri, 14 Feb 1992 00:00:00 UTC +00:00], ["runtime_in_minutes", 94], ["title", "Wayne's World"], ["updated_at", Tue, 01 Mar 2016 03:30:14 UTC +00:00]]
  [1m[35m (4.9ms)[0m  commit transaction


Started GET "/movies" for 10.0.2.2 at 2016-03-01 03:40:10 +0000
  [1m[36mActiveRecord::SchemaMigration Load (2.9ms)[0m  [1mSELECT "schema_migrations".* FROM "schema_migrations"[0m
Processing by MoviesController#index as HTML
  Rendered movies/index.html.erb within layouts/application (64.3ms)
Completed 500 Internal Server Error in 303ms

ActionView::Template::Error (undefined method `each' for nil:NilClass):
    2: <hr>
    3: <%= link_to "Add a movie!", new_movie_path %>
    4: <hr>
    5: <% @movies.each do |movie| %>
    6:   <h2><%= link_to movie.title, movie_path(movie) %></h2>
    7:   <p><%= movie.title %></p>
    8:   <small>- <%= movie.director %></small>
  app/views/movies/index.html.erb:5:in `_app_views_movies_index_html_erb__665775431_86561900'


  Rendered /usr/local/rvm/gems/ruby-2.1.3/gems/actionpack-4.0.0/lib/action_dispatch/middleware/templates/rescues/_trace.erb (2.3ms)
  Rendered /usr/local/rvm/gems/ruby-2.1.3/gems/actionpack-4.0.0/lib/action_dispatch/middleware/templates/rescues/_request_and_response.erb (0.8ms)
  Rendered /usr/local/rvm/gems/ruby-2.1.3/gems/actionpack-4.0.0/lib/action_dispatch/middleware/templates/rescues/template_error.erb within rescues/layout (27.6ms)


Started GET "/" for 10.0.2.2 at 2016-03-01 03:40:18 +0000
Processing by MoviesController#index as HTML
  Rendered movies/index.html.erb within layouts/application (44.0ms)
Completed 500 Internal Server Error in 173ms

ActionView::Template::Error (undefined method `each' for nil:NilClass):
    2: <hr>
    3: <%= link_to "Add a movie!", new_movie_path %>
    4: <hr>
    5: <% @movies.each do |movie| %>
    6:   <h2><%= link_to movie.title, movie_path(movie) %></h2>
    7:   <p><%= movie.title %></p>
    8:   <small>- <%= movie.director %></small>
  app/views/movies/index.html.erb:5:in `_app_views_movies_index_html_erb__665775431_86561900'


  Rendered /usr/local/rvm/gems/ruby-2.1.3/gems/actionpack-4.0.0/lib/action_dispatch/middleware/templates/rescues/_trace.erb (5.8ms)
  Rendered /usr/local/rvm/gems/ruby-2.1.3/gems/actionpack-4.0.0/lib/action_dispatch/middleware/templates/rescues/_request_and_response.erb (2.5ms)
  Rendered /usr/local/rvm/gems/ruby-2.1.3/gems/actionpack-4.0.0/lib/action_dispatch/middleware/templates/rescues/template_error.erb within rescues/layout (27.8ms)


Started GET "/" for 10.0.2.2 at 2016-03-01 03:40:58 +0000
Processing by MoviesController#index as HTML
  Rendered movies/index.html.erb within layouts/application (42.1ms)
Completed 500 Internal Server Error in 171ms

ActionView::Template::Error (undefined method `each' for nil:NilClass):
    2: <hr>
    3: <%= link_to "Add a movie!", new_movie_path %>
    4: <hr>
    5: <% @movies.each do |movie| %>
    6:   <h2><%= link_to movie.title, movie_path(movie) %></h2>
    7:   <p><%= movie.title %></p>
    8:   <small>- <%= movie.director %></small>
  app/views/movies/index.html.erb:5:in `_app_views_movies_index_html_erb__665775431_86561900'


  Rendered /usr/local/rvm/gems/ruby-2.1.3/gems/actionpack-4.0.0/lib/action_dispatch/middleware/templates/rescues/_trace.erb (2.6ms)
  Rendered /usr/local/rvm/gems/ruby-2.1.3/gems/actionpack-4.0.0/lib/action_dispatch/middleware/templates/rescues/_request_and_response.erb (1.7ms)
  Rendered /usr/local/rvm/gems/ruby-2.1.3/gems/actionpack-4.0.0/lib/action_dispatch/middleware/templates/rescues/template_error.erb within rescues/layout (27.7ms)


Started GET "/" for 10.0.2.2 at 2016-03-01 03:41:04 +0000
Processing by MoviesController#index as HTML
  Rendered movies/index.html.erb within layouts/application (45.2ms)
Completed 500 Internal Server Error in 177ms

ActionView::Template::Error (undefined method `each' for nil:NilClass):
    2: <hr>
    3: <%= link_to "Add a movie!", new_movie_path %>
    4: <hr>
    5: <% @movies.each do |movie| %>
    6:   <h2><%= link_to movie.title, movie_path(movie) %></h2>
    7:   <p><%= movie.title %></p>
    8:   <small>- <%= movie.director %></small>
  app/views/movies/index.html.erb:5:in `_app_views_movies_index_html_erb__665775431_86561900'


  Rendered /usr/local/rvm/gems/ruby-2.1.3/gems/actionpack-4.0.0/lib/action_dispatch/middleware/templates/rescues/_trace.erb (3.1ms)
  Rendered /usr/local/rvm/gems/ruby-2.1.3/gems/actionpack-4.0.0/lib/action_dispatch/middleware/templates/rescues/_request_and_response.erb (2.2ms)
  Rendered /usr/local/rvm/gems/ruby-2.1.3/gems/actionpack-4.0.0/lib/action_dispatch/middleware/templates/rescues/template_error.erb within rescues/layout (23.8ms)


Started GET "/" for 10.0.2.2 at 2016-03-01 03:41:18 +0000
  [1m[36mActiveRecord::SchemaMigration Load (2.7ms)[0m  [1mSELECT "schema_migrations".* FROM "schema_migrations"[0m
Processing by MoviesController#index as HTML
  [1m[35mMovie Load (3.6ms)[0m  SELECT "movies".* FROM "movies"
  Rendered movies/index.html.erb within layouts/application (68.3ms)
Completed 200 OK in 551ms (Views: 458.2ms | ActiveRecord: 6.4ms)


Started GET "/assets/application.css?body=1" for 10.0.2.2 at 2016-03-01 03:41:20 +0000


Started GET "/assets/application.js?body=1" for 10.0.2.2 at 2016-03-01 03:41:20 +0000


Started GET "/assets/turbolinks.js?body=1" for 10.0.2.2 at 2016-03-01 03:41:20 +0000


Started GET "/assets/jquery_ujs.js?body=1" for 10.0.2.2 at 2016-03-01 03:41:20 +0000


Started GET "/assets/jquery.js?body=1" for 10.0.2.2 at 2016-03-01 03:41:20 +0000


Started GET "/movies/1" for 10.0.2.2 at 2016-03-01 03:41:25 +0000
Processing by MoviesController#show as HTML
  Parameters: {"id"=>"1"}
  [1m[36mMovie Load (1.1ms)[0m  [1mSELECT "movies".* FROM "movies" WHERE "movies"."id" = ? LIMIT 1[0m  [["id", "1"]]
  Rendered movies/show.html.erb within layouts/application (0.5ms)
Completed 200 OK in 176ms (Views: 162.6ms | ActiveRecord: 1.1ms)


Started GET "/movies/1" for 10.0.2.2 at 2016-03-01 03:54:07 +0000
Processing by MoviesController#show as HTML
  Parameters: {"id"=>"1"}
  [1m[35mMovie Load (0.0ms)[0m  SELECT "movies".* FROM "movies" WHERE "movies"."id" = ? LIMIT 1  [["id", "1"]]
  Rendered movies/show.html.erb within layouts/application (15.8ms)
Completed 200 OK in 203ms (Views: 200.8ms | ActiveRecord: 0.0ms)


Started GET "/movies/1/edit" for 10.0.2.2 at 2016-03-01 03:54:19 +0000
Processing by MoviesController#edit as HTML
  Parameters: {"id"=>"1"}
  [1m[36mMovie Load (6.4ms)[0m  [1mSELECT "movies".* FROM "movies" WHERE "movies"."id" = ? LIMIT 1[0m  [["id", "1"]]
  Rendered movies/edit.html.erb within layouts/application (105.0ms)
Completed 200 OK in 272ms (Views: 264.3ms | ActiveRecord: 6.4ms)


Started PATCH "/movies/1" for 10.0.2.2 at 2016-03-01 03:54:23 +0000
Processing by MoviesController#update as HTML
  Parameters: {"utf8"=>"✓", "authenticity_token"=>"n123dgyU7CcBZNxOYfOudlOzAOF+O5nJSY0cMSYcd9w=", "movie"=>{"title"=>"Wayne's World", "release_date"=>"1992-02-14", "director"=>"Penelope Spheeris", "runtime_in_minutes"=>"94", "poster_image_url"=>"http://clashmusic.com/sites/default/files/styles/article_feature/public/field/image/waynes-world-3.jpg?itok=PIbjt3FO", "description"=>"Two slacker friends try to promote their public-access cable show."}, "commit"=>"Submit", "id"=>"1"}
  [1m[35mMovie Load (1.2ms)[0m  SELECT "movies".* FROM "movies" WHERE "movies"."id" = ? LIMIT 1  [["id", "1"]]
  [1m[36m (0.2ms)[0m  [1mbegin transaction[0m
  [1m[35m (0.0ms)[0m  commit transaction
Redirected to http://localhost:3000/movies
Completed 302 Found in 9ms (ActiveRecord: 1.4ms)


Started GET "/movies" for 10.0.2.2 at 2016-03-01 03:54:23 +0000
Processing by MoviesController#index as HTML
  [1m[36mMovie Load (3.1ms)[0m  [1mSELECT "movies".* FROM "movies"[0m
  Rendered movies/index.html.erb within layouts/application (7.7ms)
Completed 200 OK in 157ms (Views: 154.2ms | ActiveRecord: 3.1ms)


Started GET "/assets/application.css?body=1" for 10.0.2.2 at 2016-03-01 03:54:23 +0000


Started GET "/assets/turbolinks.js?body=1" for 10.0.2.2 at 2016-03-01 03:54:24 +0000


Started GET "/assets/jquery_ujs.js?body=1" for 10.0.2.2 at 2016-03-01 03:54:24 +0000


Started GET "/assets/application.js?body=1" for 10.0.2.2 at 2016-03-01 03:54:24 +0000


Started GET "/assets/jquery.js?body=1" for 10.0.2.2 at 2016-03-01 03:54:24 +0000


Started GET "/movies/new" for 10.0.2.2 at 2016-03-01 03:54:31 +0000
Processing by MoviesController#new as HTML
  Rendered movies/new.html.erb within layouts/application (9.7ms)
Completed 200 OK in 188ms (Views: 187.0ms | ActiveRecord: 0.0ms)


Started GET "/movies" for 10.0.2.2 at 2016-03-01 03:54:35 +0000
Processing by MoviesController#index as HTML
  [1m[35mMovie Load (2.7ms)[0m  SELECT "movies".* FROM "movies"
  Rendered movies/index.html.erb within layouts/application (7.9ms)
Completed 200 OK in 185ms (Views: 180.9ms | ActiveRecord: 2.7ms)


Started GET "/movies/1" for 10.0.2.2 at 2016-03-01 03:54:39 +0000
Processing by MoviesController#show as HTML
  Parameters: {"id"=>"1"}
  [1m[36mMovie Load (5.0ms)[0m  [1mSELECT "movies".* FROM "movies" WHERE "movies"."id" = ? LIMIT 1[0m  [["id", "1"]]
  Rendered movies/show.html.erb within layouts/application (1.9ms)
Completed 200 OK in 170ms (Views: 160.5ms | ActiveRecord: 5.0ms)


Started GET "/movies" for 10.0.2.2 at 2016-03-01 03:54:41 +0000
Processing by MoviesController#index as HTML
  [1m[35mMovie Load (3.9ms)[0m  SELECT "movies".* FROM "movies"
  Rendered movies/index.html.erb within layouts/application (8.5ms)
Completed 200 OK in 191ms (Views: 186.7ms | ActiveRecord: 3.9ms)


Started PATCH "/movies/1" for 10.0.2.2 at 2016-03-01 04:06:20 +0000
  [1m[36mActiveRecord::SchemaMigration Load (2.8ms)[0m  [1mSELECT "schema_migrations".* FROM "schema_migrations"[0m
Processing by MoviesController#update as HTML
  Parameters: {"utf8"=>"✓", "authenticity_token"=>"n123dgyU7CcBZNxOYfOudlOzAOF+O5nJSY0cMSYcd9w=", "movie"=>{"title"=>"Wayne's World", "release_date"=>"1992-02-14", "director"=>"Penelope Spheeris", "runtime_in_minutes"=>"", "poster_image_url"=>"http://clashmusic.com/sites/default/files/styles/article_feature/public/field/image/waynes-world-3.jpg?itok=PIbjt3FO", "description"=>"Two slacker friends try to promote their public-access cable show."}, "commit"=>"Submit", "id"=>"1"}
  [1m[35mMovie Load (3.4ms)[0m  SELECT "movies".* FROM "movies" WHERE "movies"."id" = ? LIMIT 1  [["id", "1"]]
  [1m[36m (0.3ms)[0m  [1mbegin transaction[0m
  [1m[35m (0.2ms)[0m  rollback transaction
  Rendered movies/_form.html.erb (78.7ms)
  Rendered movies/edit.html.erb within layouts/application (140.2ms)
Completed 200 OK in 690ms (Views: 515.5ms | ActiveRecord: 6.8ms)


Started GET "/assets/application.css?body=1" for 10.0.2.2 at 2016-03-01 04:06:22 +0000


Started GET "/assets/turbolinks.js?body=1" for 10.0.2.2 at 2016-03-01 04:06:23 +0000


Started GET "/assets/jquery_ujs.js?body=1" for 10.0.2.2 at 2016-03-01 04:06:23 +0000


Started GET "/assets/application.js?body=1" for 10.0.2.2 at 2016-03-01 04:06:23 +0000


Started GET "/assets/jquery.js?body=1" for 10.0.2.2 at 2016-03-01 04:06:23 +0000


Started PATCH "/movies/1" for 10.0.2.2 at 2016-03-01 04:06:30 +0000
Processing by MoviesController#update as HTML
  Parameters: {"utf8"=>"✓", "authenticity_token"=>"n123dgyU7CcBZNxOYfOudlOzAOF+O5nJSY0cMSYcd9w=", "movie"=>{"title"=>"Wayne's World", "release_date"=>"1992-02-14", "director"=>"Penelope Spheeris", "runtime_in_minutes"=>"98765", "poster_image_url"=>"http://clashmusic.com/sites/default/files/styles/article_feature/public/field/image/waynes-world-3.jpg?itok=PIbjt3FO", "description"=>"Two slacker friends try to promote their public-access cable show."}, "commit"=>"Submit", "id"=>"1"}
  [1m[36mMovie Load (4.4ms)[0m  [1mSELECT "movies".* FROM "movies" WHERE "movies"."id" = ? LIMIT 1[0m  [["id", "1"]]
  [1m[35m (0.1ms)[0m  begin transaction
  [1m[36mSQL (21.7ms)[0m  [1mUPDATE "movies" SET "runtime_in_minutes" = ?, "updated_at" = ? WHERE "movies"."id" = 1[0m  [["runtime_in_minutes", 98765], ["updated_at", Tue, 01 Mar 2016 04:06:30 UTC +00:00]]
  [1m[35m (4.8ms)[0m  commit transaction
Redirected to http://localhost:3000/movies.1
Completed 302 Found in 47ms (ActiveRecord: 31.0ms)


Started GET "/movies.1" for 10.0.2.2 at 2016-03-01 04:06:30 +0000
Processing by MoviesController#index as 
  [1m[36mMovie Load (3.8ms)[0m  [1mSELECT "movies".* FROM "movies"[0m
  Rendered movies/index.html.erb within layouts/application (8.1ms)
Completed 200 OK in 537ms (Views: 532.8ms | ActiveRecord: 3.8ms)


Started GET "/assets/application.css?body=1" for 10.0.2.2 at 2016-03-01 04:06:31 +0000


Started GET "/assets/jquery.js?body=1" for 10.0.2.2 at 2016-03-01 04:06:31 +0000


Started GET "/assets/jquery_ujs.js?body=1" for 10.0.2.2 at 2016-03-01 04:06:31 +0000


Started GET "/assets/turbolinks.js?body=1" for 10.0.2.2 at 2016-03-01 04:06:31 +0000


Started GET "/assets/application.js?body=1" for 10.0.2.2 at 2016-03-01 04:06:31 +0000


Started GET "/movies/new" for 10.0.2.2 at 2016-03-01 04:06:37 +0000
Processing by MoviesController#new as HTML
  Rendered movies/_form.html.erb (7.4ms)
  Rendered movies/new.html.erb within layouts/application (64.0ms)
Completed 200 OK in 221ms (Views: 219.7ms | ActiveRecord: 0.0ms)


Started POST "/movies" for 10.0.2.2 at 2016-03-01 04:06:38 +0000
Processing by MoviesController#create as HTML
  Parameters: {"utf8"=>"✓", "authenticity_token"=>"n123dgyU7CcBZNxOYfOudlOzAOF+O5nJSY0cMSYcd9w=", "movie"=>{"title"=>"", "release_date"=>"", "director"=>"", "runtime_in_minutes"=>"", "poster_image_url"=>"", "description"=>""}, "commit"=>"Submit"}
  [1m[35m (0.3ms)[0m  begin transaction
  [1m[36m (1.6ms)[0m  [1mrollback transaction[0m
  Rendered movies/_form.html.erb (13.0ms)
  Rendered movies/new.html.erb within layouts/application (55.6ms)
Completed 200 OK in 266ms (Views: 247.4ms | ActiveRecord: 1.9ms)


Started GET "/assets/jquery.js?body=1" for 10.0.2.2 at 2016-03-01 04:06:39 +0000


Started GET "/assets/jquery_ujs.js?body=1" for 10.0.2.2 at 2016-03-01 04:06:39 +0000


Started GET "/assets/application.js?body=1" for 10.0.2.2 at 2016-03-01 04:06:39 +0000


Started GET "/assets/application.css?body=1" for 10.0.2.2 at 2016-03-01 04:06:39 +0000


Started GET "/assets/turbolinks.js?body=1" for 10.0.2.2 at 2016-03-01 04:06:39 +0000


Started GET "/" for 10.0.2.2 at 2016-03-01 04:06:49 +0000
Processing by MoviesController#index as HTML
  [1m[35mMovie Load (2.8ms)[0m  SELECT "movies".* FROM "movies"
  Rendered movies/index.html.erb within layouts/application (8.3ms)
Completed 200 OK in 163ms (Views: 159.1ms | ActiveRecord: 2.8ms)


Started GET "/assets/turbolinks.js?body=1" for 10.0.2.2 at 2016-03-01 04:06:49 +0000


Started GET "/assets/jquery_ujs.js?body=1" for 10.0.2.2 at 2016-03-01 04:06:50 +0000


Started GET "/assets/jquery.js?body=1" for 10.0.2.2 at 2016-03-01 04:06:50 +0000


Started GET "/assets/application.css?body=1" for 10.0.2.2 at 2016-03-01 04:06:50 +0000


Started GET "/assets/application.js?body=1" for 10.0.2.2 at 2016-03-01 04:06:50 +0000


Started GET "/" for 10.0.2.2 at 2016-03-01 15:41:24 +0000
  [1m[36mActiveRecord::SchemaMigration Load (2.8ms)[0m  [1mSELECT "schema_migrations".* FROM "schema_migrations"[0m
Processing by MoviesController#index as HTML
  [1m[35mMovie Load (3.3ms)[0m  SELECT "movies".* FROM "movies"
  Rendered movies/index.html.erb within layouts/application (81.2ms)
Completed 200 OK in 568ms (Views: 480.7ms | ActiveRecord: 6.2ms)


Started GET "/assets/application.css?body=1" for 10.0.2.2 at 2016-03-01 15:41:26 +0000


Started GET "/assets/jquery.js?body=1" for 10.0.2.2 at 2016-03-01 15:41:26 +0000


Started GET "/assets/application.js?body=1" for 10.0.2.2 at 2016-03-01 15:41:26 +0000


Started GET "/assets/jquery_ujs.js?body=1" for 10.0.2.2 at 2016-03-01 15:41:26 +0000


Started GET "/assets/turbolinks.js?body=1" for 10.0.2.2 at 2016-03-01 15:41:27 +0000


Started GET "/1" for 10.0.2.2 at 2016-03-01 15:41:55 +0000

ActionController::RoutingError (No route matches [GET] "/1"):
  actionpack (4.0.0) lib/action_dispatch/middleware/debug_exceptions.rb:21:in `call'
  actionpack (4.0.0) lib/action_dispatch/middleware/show_exceptions.rb:30:in `call'
  railties (4.0.0) lib/rails/rack/logger.rb:38:in `call_app'
  railties (4.0.0) lib/rails/rack/logger.rb:21:in `block in call'
  activesupport (4.0.0) lib/active_support/tagged_logging.rb:67:in `block in tagged'
  activesupport (4.0.0) lib/active_support/tagged_logging.rb:25:in `tagged'
  activesupport (4.0.0) lib/active_support/tagged_logging.rb:67:in `tagged'
  railties (4.0.0) lib/rails/rack/logger.rb:21:in `call'
  actionpack (4.0.0) lib/action_dispatch/middleware/request_id.rb:21:in `call'
  rack (1.5.5) lib/rack/methodoverride.rb:21:in `call'
  rack (1.5.5) lib/rack/runtime.rb:17:in `call'
  activesupport (4.0.0) lib/active_support/cache/strategy/local_cache.rb:83:in `call'
  rack (1.5.5) lib/rack/lock.rb:17:in `call'
  actionpack (4.0.0) lib/action_dispatch/middleware/static.rb:64:in `call'
  railties (4.0.0) lib/rails/engine.rb:511:in `call'
  railties (4.0.0) lib/rails/application.rb:97:in `call'
  rack (1.5.5) lib/rack/lock.rb:17:in `call'
  rack (1.5.5) lib/rack/content_length.rb:14:in `call'
  rack (1.5.5) lib/rack/handler/webrick.rb:60:in `service'
  /usr/local/rvm/rubies/ruby-2.1.3/lib/ruby/2.1.0/webrick/httpserver.rb:138:in `service'
  /usr/local/rvm/rubies/ruby-2.1.3/lib/ruby/2.1.0/webrick/httpserver.rb:94:in `run'
  /usr/local/rvm/rubies/ruby-2.1.3/lib/ruby/2.1.0/webrick/server.rb:295:in `block in start_thread'


  Rendered /usr/local/rvm/gems/ruby-2.1.3/gems/actionpack-4.0.0/lib/action_dispatch/middleware/templates/rescues/_trace.erb (1.9ms)
  Rendered /usr/local/rvm/gems/ruby-2.1.3/gems/actionpack-4.0.0/lib/action_dispatch/middleware/templates/routes/_route.html.erb (0.0ms)
  Rendered /usr/local/rvm/gems/ruby-2.1.3/gems/actionpack-4.0.0/lib/action_dispatch/middleware/templates/routes/_table.html.erb (41.7ms)
  Rendered /usr/local/rvm/gems/ruby-2.1.3/gems/actionpack-4.0.0/lib/action_dispatch/middleware/templates/rescues/routing_error.erb within rescues/layout (91.9ms)


Started GET "/movies/1" for 10.0.2.2 at 2016-03-01 15:42:08 +0000
Processing by MoviesController#show as HTML
  Parameters: {"id"=>"1"}
  [1m[36mMovie Load (6.7ms)[0m  [1mSELECT "movies".* FROM "movies" WHERE "movies"."id" = ? LIMIT 1[0m  [["id", "1"]]
  Rendered movies/show.html.erb within layouts/application (2.3ms)
Completed 200 OK in 174ms (Views: 164.3ms | ActiveRecord: 6.7ms)


Started GET "/assets/application.css?body=1" for 10.0.2.2 at 2016-03-01 15:42:08 +0000


Started GET "/assets/application.js?body=1" for 10.0.2.2 at 2016-03-01 15:42:08 +0000


Started GET "/assets/turbolinks.js?body=1" for 10.0.2.2 at 2016-03-01 15:42:09 +0000


Started GET "/assets/jquery_ujs.js?body=1" for 10.0.2.2 at 2016-03-01 15:42:09 +0000


Started GET "/assets/jquery.js?body=1" for 10.0.2.2 at 2016-03-01 15:42:09 +0000


Started GET "/movies" for 10.0.2.2 at 2016-03-01 15:42:28 +0000
Processing by MoviesController#index as HTML
  [1m[35mMovie Load (4.9ms)[0m  SELECT "movies".* FROM "movies"
  Rendered movies/index.html.erb within layouts/application (10.0ms)
Completed 200 OK in 206ms (Views: 195.2ms | ActiveRecord: 4.9ms)


Started GET "/movies/new" for 10.0.2.2 at 2016-03-01 15:42:30 +0000
Processing by MoviesController#new as HTML
  Rendered movies/_form.html.erb (91.9ms)
  Rendered movies/new.html.erb within layouts/application (164.4ms)
Completed 200 OK in 340ms (Views: 339.5ms | ActiveRecord: 0.0ms)


Started POST "/movies" for 10.0.2.2 at 2016-03-01 15:52:45 +0000
Processing by MoviesController#create as HTML
  Parameters: {"utf8"=>"✓", "authenticity_token"=>"B3h+NZwTyQssCJbnfzkDS+EnCv4fnonfTmrE2BsbY9g=", "movie"=>{"title"=>"Mad Max: Fury Road", "release_date"=>"2015-05-15", "director"=>"George Miller", "runtime_in_minutes"=>"120", "poster_image_url"=>"http://resizing.flixster.com/GbDqFVUc_9VBNAnanZVQxlYD0ZM=/180x267/dkpu1ddg7pbsk.cloudfront.net/movie/11/19/12/11191276_ori.jpg", "description"=>"A woman rebels against a tyrannical ruler in postapocalyptic Australia in search for her home-land with the help of a group of female prisoners, a psychotic worshipper, and a drifter named Max."}, "commit"=>"Submit"}
  [1m[36m (0.3ms)[0m  [1mbegin transaction[0m
  [1m[35m (0.4ms)[0m  rollback transaction
  Rendered movies/_form.html.erb (16.7ms)
  Rendered movies/new.html.erb within layouts/application (61.2ms)
Completed 200 OK in 236ms (Views: 214.2ms | ActiveRecord: 0.6ms)


Started GET "/assets/application.css?body=1" for 10.0.2.2 at 2016-03-01 15:52:46 +0000


Started GET "/assets/jquery.js?body=1" for 10.0.2.2 at 2016-03-01 15:52:46 +0000


Started GET "/assets/turbolinks.js?body=1" for 10.0.2.2 at 2016-03-01 15:52:46 +0000


Started GET "/assets/application.js?body=1" for 10.0.2.2 at 2016-03-01 15:52:46 +0000


Started GET "/assets/jquery_ujs.js?body=1" for 10.0.2.2 at 2016-03-01 15:52:46 +0000


Started GET "/" for 10.0.2.2 at 2016-03-01 15:52:58 +0000
Processing by MoviesController#index as HTML
  [1m[36mMovie Load (2.6ms)[0m  [1mSELECT "movies".* FROM "movies"[0m
  Rendered movies/index.html.erb within layouts/application (5.7ms)
Completed 200 OK in 152ms (Views: 148.5ms | ActiveRecord: 2.6ms)


Started GET "/assets/turbolinks.js?body=1" for 10.0.2.2 at 2016-03-01 15:52:58 +0000


Started GET "/assets/application.js?body=1" for 10.0.2.2 at 2016-03-01 15:52:58 +0000


Started GET "/assets/jquery_ujs.js?body=1" for 10.0.2.2 at 2016-03-01 15:52:58 +0000


Started GET "/assets/application.css?body=1" for 10.0.2.2 at 2016-03-01 15:52:59 +0000


Started GET "/assets/jquery.js?body=1" for 10.0.2.2 at 2016-03-01 15:52:59 +0000


Started GET "/movies/new" for 10.0.2.2 at 2016-03-01 15:53:02 +0000
Processing by MoviesController#new as HTML
  Rendered movies/_form.html.erb (7.1ms)
  Rendered movies/new.html.erb within layouts/application (68.8ms)
Completed 200 OK in 242ms (Views: 242.1ms | ActiveRecord: 0.0ms)


Started POST "/movies" for 10.0.2.2 at 2016-03-01 15:55:01 +0000
Processing by MoviesController#create as HTML
  Parameters: {"utf8"=>"✓", "authenticity_token"=>"B3h+NZwTyQssCJbnfzkDS+EnCv4fnonfTmrE2BsbY9g=", "movie"=>{"title"=>"Mad Max: Fury Road", "release_date"=>"2015-05-15", "director"=>"George Miller", "runtime_in_minutes"=>"120", "poster_image_url"=>"http://static1.businessinsider.com/image/5550f65eecad04f24e2ae3b2-1200-632/madmax_warrig_final.jpg", "description"=>"A woman rebels against a tyrannical ruler in postapocalyptic Australia in search for her home-land with the help of a group of female prisoners, a psychotic worshipper, and a drifter named Max."}, "commit"=>"Submit"}
  [1m[35m (0.3ms)[0m  begin transaction
  [1m[36m (0.0ms)[0m  [1mrollback transaction[0m
  Rendered movies/_form.html.erb (14.1ms)
  Rendered movies/new.html.erb within layouts/application (58.2ms)
Completed 200 OK in 229ms (Views: 209.4ms | ActiveRecord: 0.4ms)


Started GET "/assets/application.css?body=1" for 10.0.2.2 at 2016-03-01 15:55:01 +0000


Started GET "/assets/jquery.js?body=1" for 10.0.2.2 at 2016-03-01 15:55:01 +0000


Started GET "/assets/jquery_ujs.js?body=1" for 10.0.2.2 at 2016-03-01 15:55:01 +0000


Started GET "/assets/application.js?body=1" for 10.0.2.2 at 2016-03-01 15:55:01 +0000


Started GET "/assets/turbolinks.js?body=1" for 10.0.2.2 at 2016-03-01 15:55:01 +0000


Started GET "/movies" for 10.0.2.2 at 2016-03-01 15:55:46 +0000
Processing by MoviesController#index as HTML
  [1m[35mMovie Load (3.0ms)[0m  SELECT "movies".* FROM "movies"
  Rendered movies/index.html.erb within layouts/application (7.0ms)
Completed 200 OK in 164ms (Views: 159.7ms | ActiveRecord: 3.0ms)


Started GET "/assets/application.css?body=1" for 10.0.2.2 at 2016-03-01 15:55:46 +0000


Started GET "/assets/jquery.js?body=1" for 10.0.2.2 at 2016-03-01 15:55:46 +0000


Started GET "/assets/jquery_ujs.js?body=1" for 10.0.2.2 at 2016-03-01 15:55:46 +0000


Started GET "/assets/turbolinks.js?body=1" for 10.0.2.2 at 2016-03-01 15:55:46 +0000


Started GET "/assets/application.js?body=1" for 10.0.2.2 at 2016-03-01 15:55:46 +0000


Started GET "/movies/1" for 10.0.2.2 at 2016-03-01 15:56:01 +0000
Processing by MoviesController#show as HTML
  Parameters: {"id"=>"1"}
  [1m[36mMovie Load (3.5ms)[0m  [1mSELECT "movies".* FROM "movies" WHERE "movies"."id" = ? LIMIT 1[0m  [["id", "1"]]
  Rendered movies/show.html.erb within layouts/application (2.1ms)
Completed 200 OK in 208ms (Views: 199.2ms | ActiveRecord: 3.5ms)


Started GET "/movies/1/edit" for 10.0.2.2 at 2016-03-01 15:56:03 +0000
Processing by MoviesController#edit as HTML
  Parameters: {"id"=>"1"}
  [1m[35mMovie Load (2.8ms)[0m  SELECT "movies".* FROM "movies" WHERE "movies"."id" = ? LIMIT 1  [["id", "1"]]
  Rendered movies/_form.html.erb (6.6ms)
  Rendered movies/edit.html.erb within layouts/application (70.9ms)
Completed 200 OK in 253ms (Views: 248.2ms | ActiveRecord: 2.8ms)


Started PATCH "/movies/1" for 10.0.2.2 at 2016-03-01 15:56:36 +0000
Processing by MoviesController#update as HTML
  Parameters: {"utf8"=>"✓", "authenticity_token"=>"B3h+NZwTyQssCJbnfzkDS+EnCv4fnonfTmrE2BsbY9g=", "movie"=>{"title"=>"Wayne's World", "release_date"=>"1992-02-14", "director"=>"Penelope Spheeris", "runtime_in_minutes"=>"94", "poster_image_url"=>"http://clashmusic.com/sites/default/files/styles/article_feature/public/field/image/waynes-world-3.jpg?itok=PIbjt3FO", "description"=>"Two slacker friends try to promote their public-access cable show."}, "commit"=>"Submit", "id"=>"1"}
  [1m[36mMovie Load (1.3ms)[0m  [1mSELECT "movies".* FROM "movies" WHERE "movies"."id" = ? LIMIT 1[0m  [["id", "1"]]
  [1m[35m (0.1ms)[0m  begin transaction
  [1m[36mSQL (22.6ms)[0m  [1mUPDATE "movies" SET "runtime_in_minutes" = ?, "updated_at" = ? WHERE "movies"."id" = 1[0m  [["runtime_in_minutes", 94], ["updated_at", Tue, 01 Mar 2016 15:56:36 UTC +00:00]]
  [1m[35m (5.0ms)[0m  commit transaction
Redirected to http://localhost:3000/movies.1
Completed 302 Found in 48ms (ActiveRecord: 29.0ms)


Started GET "/movies.1" for 10.0.2.2 at 2016-03-01 15:56:36 +0000
Processing by MoviesController#index as 
  [1m[36mMovie Load (2.8ms)[0m  [1mSELECT "movies".* FROM "movies"[0m
  Rendered movies/index.html.erb within layouts/application (7.0ms)
Completed 200 OK in 544ms (Views: 539.9ms | ActiveRecord: 2.8ms)


Started GET "/assets/application.js?body=1" for 10.0.2.2 at 2016-03-01 15:56:37 +0000


Started GET "/assets/turbolinks.js?body=1" for 10.0.2.2 at 2016-03-01 15:56:37 +0000


Started GET "/assets/jquery_ujs.js?body=1" for 10.0.2.2 at 2016-03-01 15:56:37 +0000


Started GET "/assets/application.css?body=1" for 10.0.2.2 at 2016-03-01 15:56:37 +0000


Started GET "/assets/jquery.js?body=1" for 10.0.2.2 at 2016-03-01 15:56:37 +0000


Started GET "/movies/new" for 10.0.2.2 at 2016-03-01 15:56:45 +0000
Processing by MoviesController#new as HTML
  Rendered movies/_form.html.erb (6.6ms)
  Rendered movies/new.html.erb within layouts/application (72.6ms)
Completed 200 OK in 243ms (Views: 242.9ms | ActiveRecord: 0.0ms)
  [1m[36m (10.6ms)[0m  [1mCREATE TABLE "movies" ("id" INTEGER PRIMARY KEY AUTOINCREMENT NOT NULL, "title" varchar(255), "director" varchar(255), "runtime_in_minutes" integer, "description" text, "poster_image_url" varchar(255), "release_date" datetime, "created_at" datetime, "updated_at" datetime) [0m
  [1m[35m (9.2ms)[0m  CREATE TABLE "schema_migrations" ("version" varchar(255) NOT NULL) 
  [1m[36m (10.8ms)[0m  [1mCREATE UNIQUE INDEX "unique_schema_migrations" ON "schema_migrations" ("version")[0m
  [1m[35m (4.3ms)[0m  SELECT version FROM "schema_migrations"
  [1m[36m (12.4ms)[0m  [1mINSERT INTO "schema_migrations" (version) VALUES ('20160229202419')[0m
  [1m[35mActiveRecord::SchemaMigration Load (3.3ms)[0m  SELECT "schema_migrations".* FROM "schema_migrations"
  [1m[36m (0.1ms)[0m  [1mbegin transaction[0m
  [1m[35mSQL (18.6ms)[0m  INSERT INTO "movies" ("created_at", "description", "director", "poster_image_url", "release_date", "runtime_in_minutes", "title", "updated_at") VALUES (?, ?, ?, ?, ?, ?, ?, ?)  [["created_at", Tue, 01 Mar 2016 15:57:35 UTC +00:00], ["description", "Two slacker friends try to promote their public-access cable show."], ["director", "Penelope Spheeris"], ["poster_image_url", "http://clashmusic.com/sites/default/files/styles/article_feature/public/field/image/waynes-world-3.jpg?itok=PIbjt3FO"], ["release_date", Fri, 14 Feb 1992 00:00:00 UTC +00:00], ["runtime_in_minutes", 94], ["title", "Wayne's World"], ["updated_at", Tue, 01 Mar 2016 15:57:35 UTC +00:00]]
  [1m[36m (4.9ms)[0m  [1mcommit transaction[0m
  [1m[36mActiveRecord::SchemaMigration Load (2.7ms)[0m  [1mSELECT "schema_migrations".* FROM "schema_migrations"[0m
  [1m[35mActiveRecord::SchemaMigration Load (2.3ms)[0m  SELECT "schema_migrations".* FROM "schema_migrations"
  [1m[36mActiveRecord::SchemaMigration Load (2.9ms)[0m  [1mSELECT "schema_migrations".* FROM "schema_migrations"[0m
  [1m[35m (0.2ms)[0m  begin transaction
  [1m[36mSQL (23.0ms)[0m  [1mINSERT INTO "movies" ("created_at", "description", "director", "poster_image_url", "release_date", "runtime_in_minutes", "title", "updated_at") VALUES (?, ?, ?, ?, ?, ?, ?, ?)[0m  [["created_at", Tue, 01 Mar 2016 15:57:58 UTC +00:00], ["description", "Two slacker friends try to promote their public-access cable show."], ["director", "Penelope Spheeris"], ["poster_image_url", "http://clashmusic.com/sites/default/files/styles/article_feature/public/field/image/waynes-world-3.jpg?itok=PIbjt3FO"], ["release_date", Fri, 14 Feb 1992 00:00:00 UTC +00:00], ["runtime_in_minutes", 94], ["title", "Wayne's World"], ["updated_at", Tue, 01 Mar 2016 15:57:58 UTC +00:00]]
  [1m[35m (5.3ms)[0m  commit transaction


Started GET "/" for 10.0.2.2 at 2016-03-01 15:58:11 +0000
  [1m[36mActiveRecord::SchemaMigration Load (2.8ms)[0m  [1mSELECT "schema_migrations".* FROM "schema_migrations"[0m
Processing by MoviesController#index as HTML
  [1m[35mMovie Load (3.1ms)[0m  SELECT "movies".* FROM "movies"
  Rendered movies/index.html.erb within layouts/application (80.7ms)
Completed 200 OK in 569ms (Views: 479.4ms | ActiveRecord: 5.9ms)


Started GET "/assets/application.css?body=1" for 10.0.2.2 at 2016-03-01 15:58:13 +0000


Started GET "/assets/jquery.js?body=1" for 10.0.2.2 at 2016-03-01 15:58:13 +0000


Started GET "/assets/turbolinks.js?body=1" for 10.0.2.2 at 2016-03-01 15:58:13 +0000


Started GET "/assets/jquery_ujs.js?body=1" for 10.0.2.2 at 2016-03-01 15:58:14 +0000


Started GET "/assets/application.js?body=1" for 10.0.2.2 at 2016-03-01 15:58:14 +0000


Started GET "/movies/new" for 10.0.2.2 at 2016-03-01 15:58:17 +0000
Processing by MoviesController#new as HTML
  Rendered movies/_form.html.erb (133.9ms)
  Rendered movies/new.html.erb within layouts/application (214.7ms)
Completed 200 OK in 393ms (Views: 393.2ms | ActiveRecord: 0.0ms)


Started POST "/movies" for 10.0.2.2 at 2016-03-01 16:04:28 +0000
Processing by MoviesController#create as HTML
  Parameters: {"utf8"=>"✓", "authenticity_token"=>"B3h+NZwTyQssCJbnfzkDS+EnCv4fnonfTmrE2BsbY9g=", "movie"=>{"title"=>"Mad Max: Fury Road", "release_date"=>"2015-05-15", "director"=>"George Miller", "runtime_in_minutes"=>"120", "poster_image_url"=>"http://static1.businessinsider.com/image/5550f65eecad04f24e2ae3b2-1200-632/madmax_warrig_final.jpg", "description"=>"A woman rebels against a tyrannical ruler in postapocalyptic Australia in search for her home-land with the help of a group of female prisoners, a psychotic worshipper, and a drifter named Max."}, "commit"=>"Submit"}
  [1m[36m (0.1ms)[0m  [1mbegin transaction[0m
  [1m[35m (0.3ms)[0m  rollback transaction
  Rendered movies/_form.html.erb (17.6ms)
  Rendered movies/new.html.erb within layouts/application (65.2ms)
Completed 200 OK in 342ms (Views: 223.2ms | ActiveRecord: 6.6ms)


Started GET "/assets/application.css?body=1" for 10.0.2.2 at 2016-03-01 16:04:29 +0000


Started GET "/assets/application.js?body=1" for 10.0.2.2 at 2016-03-01 16:04:29 +0000


Started GET "/assets/jquery_ujs.js?body=1" for 10.0.2.2 at 2016-03-01 16:04:29 +0000


Started GET "/assets/jquery.js?body=1" for 10.0.2.2 at 2016-03-01 16:04:29 +0000


Started GET "/assets/turbolinks.js?body=1" for 10.0.2.2 at 2016-03-01 16:04:30 +0000


Started POST "/movies" for 10.0.2.2 at 2016-03-01 16:06:34 +0000
Processing by MoviesController#create as HTML
  Parameters: {"utf8"=>"✓", "authenticity_token"=>"B3h+NZwTyQssCJbnfzkDS+EnCv4fnonfTmrE2BsbY9g=", "movie"=>{"title"=>"Mad Max: Fury Road", "release_date"=>"2015-05-15", "director"=>"George Miller", "runtime_in_minutes"=>"120", "poster_image_url"=>"http://static1.businessinsider.com/image/5550f65eecad04f24e2ae3b2-1200-632/madmax_warrig_final.jpg", "description"=>"A woman rebels against a tyrannical ruler in postapocalyptic Australia in search for her home-land with the help of a group of female prisoners, a psychotic worshipper, and a drifter named Max."}, "commit"=>"Submit"}
  [1m[36m (0.2ms)[0m  [1mbegin transaction[0m
  [1m[35mSQL (22.9ms)[0m  INSERT INTO "movies" ("created_at", "description", "director", "poster_image_url", "release_date", "runtime_in_minutes", "title", "updated_at") VALUES (?, ?, ?, ?, ?, ?, ?, ?)  [["created_at", Tue, 01 Mar 2016 16:06:34 UTC +00:00], ["description", "A woman rebels against a tyrannical ruler in postapocalyptic Australia in search for her home-land with the help of a group of female prisoners, a psychotic worshipper, and a drifter named Max."], ["director", "George Miller"], ["poster_image_url", "http://static1.businessinsider.com/image/5550f65eecad04f24e2ae3b2-1200-632/madmax_warrig_final.jpg"], ["release_date", Fri, 15 May 2015 00:00:00 UTC +00:00], ["runtime_in_minutes", 120], ["title", "Mad Max: Fury Road"], ["updated_at", Tue, 01 Mar 2016 16:06:34 UTC +00:00]]
  [1m[36m (6.0ms)[0m  [1mcommit transaction[0m
Redirected to http://localhost:3000/movies
Completed 302 Found in 131ms (ActiveRecord: 35.1ms)


Started GET "/movies" for 10.0.2.2 at 2016-03-01 16:06:34 +0000
Processing by MoviesController#index as HTML
  [1m[35mMovie Load (2.9ms)[0m  SELECT "movies".* FROM "movies"
  Rendered movies/index.html.erb within layouts/application (7.3ms)
Completed 200 OK in 166ms (Views: 162.6ms | ActiveRecord: 2.9ms)


Started GET "/assets/application.css?body=1" for 10.0.2.2 at 2016-03-01 16:06:35 +0000


Started GET "/assets/jquery_ujs.js?body=1" for 10.0.2.2 at 2016-03-01 16:06:35 +0000


Started GET "/assets/jquery.js?body=1" for 10.0.2.2 at 2016-03-01 16:06:35 +0000


Started GET "/assets/application.js?body=1" for 10.0.2.2 at 2016-03-01 16:06:35 +0000


Started GET "/assets/turbolinks.js?body=1" for 10.0.2.2 at 2016-03-01 16:06:35 +0000


Started GET "/movies/new" for 10.0.2.2 at 2016-03-01 16:07:29 +0000
Processing by MoviesController#new as HTML
  Rendered movies/_form.html.erb (6.0ms)
  Rendered movies/new.html.erb within layouts/application (69.2ms)
Completed 200 OK in 243ms (Views: 241.2ms | ActiveRecord: 0.0ms)


Started GET "/movies/" for 10.0.2.2 at 2016-03-01 16:11:01 +0000
Processing by MoviesController#index as HTML
  [1m[36mMovie Load (3.9ms)[0m  [1mSELECT "movies".* FROM "movies"[0m
  Rendered movies/index.html.erb within layouts/application (8.8ms)
Completed 200 OK in 181ms (Views: 176.9ms | ActiveRecord: 3.9ms)


Started GET "/assets/application.css?body=1" for 10.0.2.2 at 2016-03-01 16:11:01 +0000


Started GET "/assets/application.js?body=1" for 10.0.2.2 at 2016-03-01 16:11:02 +0000


Started GET "/assets/turbolinks.js?body=1" for 10.0.2.2 at 2016-03-01 16:11:02 +0000


Started GET "/assets/jquery_ujs.js?body=1" for 10.0.2.2 at 2016-03-01 16:11:02 +0000


Started GET "/assets/jquery.js?body=1" for 10.0.2.2 at 2016-03-01 16:11:02 +0000


Started GET "/movies/2" for 10.0.2.2 at 2016-03-01 16:11:16 +0000
Processing by MoviesController#show as HTML
  Parameters: {"id"=>"2"}
  [1m[35mMovie Load (3.3ms)[0m  SELECT "movies".* FROM "movies" WHERE "movies"."id" = ? LIMIT 1  [["id", "2"]]
  Rendered movies/show.html.erb within layouts/application (0.2ms)
Completed 200 OK in 208ms (Views: 198.9ms | ActiveRecord: 3.3ms)


Started DELETE "/movies/2" for 10.0.2.2 at 2016-03-01 16:11:20 +0000
Processing by MoviesController#destroy as HTML
  Parameters: {"authenticity_token"=>"B3h+NZwTyQssCJbnfzkDS+EnCv4fnonfTmrE2BsbY9g=", "id"=>"2"}
  [1m[36mMovie Load (3.9ms)[0m  [1mSELECT "movies".* FROM "movies" WHERE "movies"."id" = ? LIMIT 1[0m  [["id", "2"]]
  [1m[35m (0.2ms)[0m  begin transaction
  [1m[36mSQL (7.4ms)[0m  [1mDELETE FROM "movies" WHERE "movies"."id" = ?[0m  [["id", 2]]
  [1m[35m (6.2ms)[0m  commit transaction
Redirected to http://localhost:3000/movies
Completed 302 Found in 29ms (ActiveRecord: 17.7ms)


Started GET "/movies" for 10.0.2.2 at 2016-03-01 16:11:20 +0000
Processing by MoviesController#index as HTML
  [1m[36mMovie Load (3.7ms)[0m  [1mSELECT "movies".* FROM "movies"[0m
  Rendered movies/index.html.erb within layouts/application (7.5ms)
Completed 200 OK in 159ms (Views: 154.1ms | ActiveRecord: 3.7ms)


Started GET "/assets/jquery_ujs.js?body=1" for 10.0.2.2 at 2016-03-01 16:11:21 +0000


Started GET "/assets/turbolinks.js?body=1" for 10.0.2.2 at 2016-03-01 16:11:21 +0000


Started GET "/assets/application.js?body=1" for 10.0.2.2 at 2016-03-01 16:11:21 +0000


Started GET "/assets/jquery.js?body=1" for 10.0.2.2 at 2016-03-01 16:11:21 +0000


Started GET "/assets/application.css?body=1" for 10.0.2.2 at 2016-03-01 16:11:21 +0000


Started GET "/movies/3" for 10.0.2.2 at 2016-03-01 16:11:30 +0000
Processing by MoviesController#show as HTML
  Parameters: {"id"=>"3"}
  [1m[35mMovie Load (0.1ms)[0m  SELECT "movies".* FROM "movies" WHERE "movies"."id" = ? LIMIT 1  [["id", "3"]]
  Rendered movies/show.html.erb within layouts/application (1.2ms)
Completed 200 OK in 185ms (Views: 184.3ms | ActiveRecord: 0.1ms)


Started GET "/movies/3/edit" for 10.0.2.2 at 2016-03-01 16:11:34 +0000
Processing by MoviesController#edit as HTML
  Parameters: {"id"=>"3"}
  [1m[36mMovie Load (3.9ms)[0m  [1mSELECT "movies".* FROM "movies" WHERE "movies"."id" = ? LIMIT 1[0m  [["id", "3"]]
  Rendered movies/_form.html.erb (8.7ms)
  Rendered movies/edit.html.erb within layouts/application (69.2ms)
Completed 200 OK in 239ms (Views: 231.0ms | ActiveRecord: 3.9ms)


Started PATCH "/movies/3" for 10.0.2.2 at 2016-03-01 16:11:36 +0000
Processing by MoviesController#update as HTML
  Parameters: {"utf8"=>"✓", "authenticity_token"=>"B3h+NZwTyQssCJbnfzkDS+EnCv4fnonfTmrE2BsbY9g=", "movie"=>{"title"=>"Mad Max: Fury Road", "release_date"=>"2015-05-15", "director"=>"George Miller", "runtime_in_minutes"=>"120", "poster_image_url"=>"http://static1.businessinsider.com/image/5550f65eecad04f24e2ae3b2-1200-632/madmax_warrig_final.jpg", "description"=>"A woman rebels against a tyrannical ruler in postapocalyptic Australia in search for her home-land with the help of a group of female prisoners, a psychotic worshipper, and a drifter named Max."}, "commit"=>"Submit", "id"=>"3"}
  [1m[35mMovie Load (5.4ms)[0m  SELECT "movies".* FROM "movies" WHERE "movies"."id" = ? LIMIT 1  [["id", "3"]]
  [1m[36m (0.0ms)[0m  [1mbegin transaction[0m
  [1m[35m (0.0ms)[0m  commit transaction
Redirected to http://localhost:3000/movies.3
Completed 302 Found in 18ms (ActiveRecord: 5.4ms)


Started GET "/movies.3" for 10.0.2.2 at 2016-03-01 16:11:37 +0000
Processing by MoviesController#index as 
  [1m[36mMovie Load (3.1ms)[0m  [1mSELECT "movies".* FROM "movies"[0m
  Rendered movies/index.html.erb within layouts/application (7.6ms)
Completed 200 OK in 555ms (Views: 549.4ms | ActiveRecord: 3.1ms)


Started GET "/assets/application.css?body=1" for 10.0.2.2 at 2016-03-01 16:11:37 +0000


Started GET "/assets/turbolinks.js?body=1" for 10.0.2.2 at 2016-03-01 16:11:37 +0000


Started GET "/assets/jquery_ujs.js?body=1" for 10.0.2.2 at 2016-03-01 16:11:38 +0000


Started GET "/assets/application.js?body=1" for 10.0.2.2 at 2016-03-01 16:11:38 +0000


Started GET "/assets/jquery.js?body=1" for 10.0.2.2 at 2016-03-01 16:11:38 +0000


Started GET "/movies/3" for 10.0.2.2 at 2016-03-01 16:12:03 +0000
Processing by MoviesController#show as HTML
  Parameters: {"id"=>"3"}
  [1m[35mMovie Load (0.5ms)[0m  SELECT "movies".* FROM "movies" WHERE "movies"."id" = ? LIMIT 1  [["id", "3"]]
  Rendered movies/show.html.erb within layouts/application (1.2ms)
Completed 200 OK in 170ms (Views: 167.2ms | ActiveRecord: 0.5ms)


Started GET "/movies/3/edit" for 10.0.2.2 at 2016-03-01 16:12:07 +0000
Processing by MoviesController#edit as HTML
  Parameters: {"id"=>"3"}
  [1m[36mMovie Load (1.8ms)[0m  [1mSELECT "movies".* FROM "movies" WHERE "movies"."id" = ? LIMIT 1[0m  [["id", "3"]]
  Rendered movies/_form.html.erb (6.7ms)
  Rendered movies/edit.html.erb within layouts/application (65.9ms)
Completed 200 OK in 226ms (Views: 221.5ms | ActiveRecord: 1.8ms)


Started PATCH "/movies/3" for 10.0.2.2 at 2016-03-01 16:12:11 +0000
Processing by MoviesController#update as HTML
  Parameters: {"utf8"=>"✓", "authenticity_token"=>"B3h+NZwTyQssCJbnfzkDS+EnCv4fnonfTmrE2BsbY9g=", "movie"=>{"title"=>"Mad Max: Fury Road", "release_date"=>"2015-05-15", "director"=>"George Miller", "runtime_in_minutes"=>"120", "poster_image_url"=>"http://resizing.flixster.com/hKcAQ8CHyTtWUOQV0tpux3wWYpU=/509x755/dkpu1ddg7pbsk.cloudfront.net/movie/11/19/12/11191276_ori.jpg", "description"=>"A woman rebels against a tyrannical ruler in postapocalyptic Australia in search for her home-land with the help of a group of female prisoners, a psychotic worshipper, and a drifter named Max."}, "commit"=>"Submit", "id"=>"3"}
  [1m[35mMovie Load (3.6ms)[0m  SELECT "movies".* FROM "movies" WHERE "movies"."id" = ? LIMIT 1  [["id", "3"]]
  [1m[36m (0.1ms)[0m  [1mbegin transaction[0m
  [1m[35mSQL (5.2ms)[0m  UPDATE "movies" SET "poster_image_url" = ?, "updated_at" = ? WHERE "movies"."id" = 3  [["poster_image_url", "http://resizing.flixster.com/hKcAQ8CHyTtWUOQV0tpux3wWYpU=/509x755/dkpu1ddg7pbsk.cloudfront.net/movie/11/19/12/11191276_ori.jpg"], ["updated_at", Tue, 01 Mar 2016 16:12:11 UTC +00:00]]
  [1m[36m (3.9ms)[0m  [1mcommit transaction[0m
Redirected to http://localhost:3000/movies.3
Completed 302 Found in 28ms (ActiveRecord: 12.8ms)


Started GET "/movies.3" for 10.0.2.2 at 2016-03-01 16:12:11 +0000
Processing by MoviesController#index as 
  [1m[35mMovie Load (2.6ms)[0m  SELECT "movies".* FROM "movies"
  Rendered movies/index.html.erb within layouts/application (6.7ms)
Completed 200 OK in 494ms (Views: 491.0ms | ActiveRecord: 2.6ms)


Started GET "/assets/application.css?body=1" for 10.0.2.2 at 2016-03-01 16:12:12 +0000


Started GET "/assets/jquery_ujs.js?body=1" for 10.0.2.2 at 2016-03-01 16:12:12 +0000


Started GET "/assets/jquery.js?body=1" for 10.0.2.2 at 2016-03-01 16:12:12 +0000


Started GET "/assets/application.js?body=1" for 10.0.2.2 at 2016-03-01 16:12:12 +0000


Started GET "/assets/turbolinks.js?body=1" for 10.0.2.2 at 2016-03-01 16:12:12 +0000


Started GET "/movies/1" for 10.0.2.2 at 2016-03-01 16:12:16 +0000
Processing by MoviesController#show as HTML
  Parameters: {"id"=>"1"}
  [1m[36mMovie Load (3.3ms)[0m  [1mSELECT "movies".* FROM "movies" WHERE "movies"."id" = ? LIMIT 1[0m  [["id", "1"]]
  Rendered movies/show.html.erb within layouts/application (1.3ms)
Completed 200 OK in 168ms (Views: 161.8ms | ActiveRecord: 3.3ms)


Started GET "/movies/1/edit" for 10.0.2.2 at 2016-03-01 16:12:56 +0000
Processing by MoviesController#edit as HTML
  Parameters: {"id"=>"1"}
  [1m[35mMovie Load (1.5ms)[0m  SELECT "movies".* FROM "movies" WHERE "movies"."id" = ? LIMIT 1  [["id", "1"]]
  Rendered movies/_form.html.erb (6.5ms)
  Rendered movies/edit.html.erb within layouts/application (66.3ms)
Completed 200 OK in 231ms (Views: 224.7ms | ActiveRecord: 1.5ms)


Started PATCH "/movies/1" for 10.0.2.2 at 2016-03-01 16:13:01 +0000
Processing by MoviesController#update as HTML
  Parameters: {"utf8"=>"✓", "authenticity_token"=>"B3h+NZwTyQssCJbnfzkDS+EnCv4fnonfTmrE2BsbY9g=", "movie"=>{"title"=>"Wayne's World", "release_date"=>"1992-02-14", "director"=>"Penelope Spheeris", "runtime_in_minutes"=>"94", "poster_image_url"=>"https://upload.wikimedia.org/wikipedia/en/e/e0/Wayne's_World.jpg", "description"=>"Two slacker friends try to promote their public-access cable show."}, "commit"=>"Submit", "id"=>"1"}
  [1m[36mMovie Load (5.9ms)[0m  [1mSELECT "movies".* FROM "movies" WHERE "movies"."id" = ? LIMIT 1[0m  [["id", "1"]]
  [1m[35m (0.0ms)[0m  begin transaction
  [1m[36mSQL (7.5ms)[0m  [1mUPDATE "movies" SET "poster_image_url" = ?, "updated_at" = ? WHERE "movies"."id" = 1[0m  [["poster_image_url", "https://upload.wikimedia.org/wikipedia/en/e/e0/Wayne's_World.jpg"], ["updated_at", Tue, 01 Mar 2016 16:13:01 UTC +00:00]]
  [1m[35m (8.7ms)[0m  commit transaction
Redirected to http://localhost:3000/movies.1
Completed 302 Found in 30ms (ActiveRecord: 22.2ms)


Started GET "/movies.1" for 10.0.2.2 at 2016-03-01 16:13:01 +0000
Processing by MoviesController#index as 
  [1m[36mMovie Load (2.8ms)[0m  [1mSELECT "movies".* FROM "movies"[0m
  Rendered movies/index.html.erb within layouts/application (6.4ms)
Completed 200 OK in 510ms (Views: 506.9ms | ActiveRecord: 2.8ms)


Started GET "/assets/application.css?body=1" for 10.0.2.2 at 2016-03-01 16:13:02 +0000


Started GET "/assets/jquery.js?body=1" for 10.0.2.2 at 2016-03-01 16:13:02 +0000


Started GET "/assets/jquery_ujs.js?body=1" for 10.0.2.2 at 2016-03-01 16:13:02 +0000


Started GET "/assets/application.js?body=1" for 10.0.2.2 at 2016-03-01 16:13:02 +0000


Started GET "/assets/turbolinks.js?body=1" for 10.0.2.2 at 2016-03-01 16:13:03 +0000
  [1m[36mActiveRecord::SchemaMigration Load (2.6ms)[0m  [1mSELECT "schema_migrations".* FROM "schema_migrations"[0m
Migrating to CreateUsers (20160301161604)
  [1m[35m (0.1ms)[0m  begin transaction
  [1m[36m (11.8ms)[0m  [1mCREATE TABLE "users" ("id" INTEGER PRIMARY KEY AUTOINCREMENT NOT NULL, "email" varchar(255), "password_digest" varchar(255), "created_at" datetime, "updated_at" datetime) [0m
  [1m[35mSQL (2.6ms)[0m  INSERT INTO "schema_migrations" ("version") VALUES (?)  [["version", "20160301161604"]]
  [1m[36m (5.4ms)[0m  [1mcommit transaction[0m
  [1m[35mActiveRecord::SchemaMigration Load (2.3ms)[0m  SELECT "schema_migrations".* FROM "schema_migrations"
  [1m[36mActiveRecord::SchemaMigration Load (3.0ms)[0m  [1mSELECT "schema_migrations".* FROM "schema_migrations"[0m
Migrating to AddNameFieldsToUsers (20160301162340)
  [1m[35m (0.1ms)[0m  begin transaction
  [1m[36m (9.0ms)[0m  [1mALTER TABLE "users" ADD "firstname" varchar(255)[0m
  [1m[35m (0.5ms)[0m  ALTER TABLE "users" ADD "lastname" varchar(255)
  [1m[36mSQL (2.2ms)[0m  [1mINSERT INTO "schema_migrations" ("version") VALUES (?)[0m  [["version", "20160301162340"]]
  [1m[35m (4.8ms)[0m  commit transaction
  [1m[36mActiveRecord::SchemaMigration Load (2.4ms)[0m  [1mSELECT "schema_migrations".* FROM "schema_migrations"[0m


Started GET "/users/new" for 10.0.2.2 at 2016-03-01 16:45:13 +0000
  [1m[36mActiveRecord::SchemaMigration Load (3.4ms)[0m  [1mSELECT "schema_migrations".* FROM "schema_migrations"[0m
Processing by UsersController#new as HTML
  Rendered users/new.html.erb within layouts/application (116.8ms)
Completed 200 OK in 1762ms (Views: 1625.1ms | ActiveRecord: 3.2ms)


Started GET "/assets/application.css?body=1" for 10.0.2.2 at 2016-03-01 16:45:16 +0000


Started GET "/assets/users.css?body=1" for 10.0.2.2 at 2016-03-01 16:45:17 +0000


Started GET "/assets/users.js?body=1" for 10.0.2.2 at 2016-03-01 16:45:17 +0000


Started GET "/assets/turbolinks.js?body=1" for 10.0.2.2 at 2016-03-01 16:45:17 +0000


Started GET "/assets/jquery.js?body=1" for 10.0.2.2 at 2016-03-01 16:45:17 +0000


Started GET "/assets/jquery_ujs.js?body=1" for 10.0.2.2 at 2016-03-01 16:45:17 +0000


Started GET "/assets/application.js?body=1" for 10.0.2.2 at 2016-03-01 16:45:17 +0000


Started POST "/users" for 10.0.2.2 at 2016-03-01 16:45:51 +0000
Processing by UsersController#create as HTML
  Parameters: {"utf8"=>"✓", "authenticity_token"=>"B3h+NZwTyQssCJbnfzkDS+EnCv4fnonfTmrE2BsbY9g=", "user"=>{"email"=>"peter@example.com", "firstname"=>"Peter", "lastname"=>"Pantsless", "password"=>"[FILTERED]", "password_confirmation"=>"[FILTERED]"}, "commit"=>"Submit"}
  [1m[35m (0.6ms)[0m  begin transaction
  [1m[36m (0.2ms)[0m  [1mrollback transaction[0m
  Rendered users/new.html.erb within layouts/application (9.4ms)
Completed 200 OK in 334ms (Views: 196.8ms | ActiveRecord: 0.7ms)


Started GET "/assets/application.css?body=1" for 10.0.2.2 at 2016-03-01 16:45:51 +0000


Started GET "/assets/jquery.js?body=1" for 10.0.2.2 at 2016-03-01 16:45:52 +0000


Started GET "/assets/application.js?body=1" for 10.0.2.2 at 2016-03-01 16:45:52 +0000


Started GET "/assets/turbolinks.js?body=1" for 10.0.2.2 at 2016-03-01 16:45:52 +0000


Started GET "/assets/jquery_ujs.js?body=1" for 10.0.2.2 at 2016-03-01 16:45:52 +0000


Started POST "/users" for 10.0.2.2 at 2016-03-01 16:46:00 +0000
Processing by UsersController#create as HTML
  Parameters: {"utf8"=>"✓", "authenticity_token"=>"B3h+NZwTyQssCJbnfzkDS+EnCv4fnonfTmrE2BsbY9g=", "user"=>{"email"=>"peter@example.com", "firstname"=>"Peter", "lastname"=>"Pantsless", "password"=>"[FILTERED]", "password_confirmation"=>"[FILTERED]"}, "commit"=>"Submit"}
  [1m[35m (0.3ms)[0m  begin transaction
Binary data inserted for `string` type on column `password_digest`
  [1m[36mSQL (34.5ms)[0m  [1mINSERT INTO "users" ("created_at", "email", "firstname", "lastname", "password_digest", "updated_at") VALUES (?, ?, ?, ?, ?, ?)[0m  [["created_at", Tue, 01 Mar 2016 16:46:00 UTC +00:00], ["email", "peter@example.com"], ["firstname", "Peter"], ["lastname", "Pantsless"], ["password_digest", "$2a$10$Fz0/c5bjpLrV42LvRhz1ruF8HPWijQtMvRt.XHe6/w7HBV0C9chve"], ["updated_at", Tue, 01 Mar 2016 16:46:00 UTC +00:00]]
  [1m[35m (6.5ms)[0m  commit transaction
Redirected to http://localhost:3000/movies
Completed 302 Found in 179ms (ActiveRecord: 41.3ms)


Started GET "/movies" for 10.0.2.2 at 2016-03-01 16:46:00 +0000
Processing by MoviesController#index as HTML
  [1m[36mMovie Load (4.0ms)[0m  [1mSELECT "movies".* FROM "movies"[0m
  Rendered movies/index.html.erb within layouts/application (59.4ms)
Completed 200 OK in 271ms (Views: 224.8ms | ActiveRecord: 7.8ms)


Started GET "/assets/application.css?body=1" for 10.0.2.2 at 2016-03-01 16:46:01 +0000


Started GET "/assets/jquery.js?body=1" for 10.0.2.2 at 2016-03-01 16:46:01 +0000


Started GET "/assets/jquery_ujs.js?body=1" for 10.0.2.2 at 2016-03-01 16:46:01 +0000


Started GET "/assets/turbolinks.js?body=1" for 10.0.2.2 at 2016-03-01 16:46:01 +0000


Started GET "/assets/application.js?body=1" for 10.0.2.2 at 2016-03-01 16:46:01 +0000


Started GET "/user/1" for 10.0.2.2 at 2016-03-01 16:46:13 +0000

ActionController::RoutingError (No route matches [GET] "/user/1"):
  actionpack (4.0.0) lib/action_dispatch/middleware/debug_exceptions.rb:21:in `call'
  actionpack (4.0.0) lib/action_dispatch/middleware/show_exceptions.rb:30:in `call'
  railties (4.0.0) lib/rails/rack/logger.rb:38:in `call_app'
  railties (4.0.0) lib/rails/rack/logger.rb:21:in `block in call'
  activesupport (4.0.0) lib/active_support/tagged_logging.rb:67:in `block in tagged'
  activesupport (4.0.0) lib/active_support/tagged_logging.rb:25:in `tagged'
  activesupport (4.0.0) lib/active_support/tagged_logging.rb:67:in `tagged'
  railties (4.0.0) lib/rails/rack/logger.rb:21:in `call'
  actionpack (4.0.0) lib/action_dispatch/middleware/request_id.rb:21:in `call'
  rack (1.5.5) lib/rack/methodoverride.rb:21:in `call'
  rack (1.5.5) lib/rack/runtime.rb:17:in `call'
  activesupport (4.0.0) lib/active_support/cache/strategy/local_cache.rb:83:in `call'
  rack (1.5.5) lib/rack/lock.rb:17:in `call'
  actionpack (4.0.0) lib/action_dispatch/middleware/static.rb:64:in `call'
  railties (4.0.0) lib/rails/engine.rb:511:in `call'
  railties (4.0.0) lib/rails/application.rb:97:in `call'
  rack (1.5.5) lib/rack/lock.rb:17:in `call'
  rack (1.5.5) lib/rack/content_length.rb:14:in `call'
  rack (1.5.5) lib/rack/handler/webrick.rb:60:in `service'
  /usr/local/rvm/rubies/ruby-2.1.3/lib/ruby/2.1.0/webrick/httpserver.rb:138:in `service'
  /usr/local/rvm/rubies/ruby-2.1.3/lib/ruby/2.1.0/webrick/httpserver.rb:94:in `run'
  /usr/local/rvm/rubies/ruby-2.1.3/lib/ruby/2.1.0/webrick/server.rb:295:in `block in start_thread'


  Rendered /usr/local/rvm/gems/ruby-2.1.3/gems/actionpack-4.0.0/lib/action_dispatch/middleware/templates/rescues/_trace.erb (0.2ms)
  Rendered /usr/local/rvm/gems/ruby-2.1.3/gems/actionpack-4.0.0/lib/action_dispatch/middleware/templates/routes/_route.html.erb (1.8ms)
  Rendered /usr/local/rvm/gems/ruby-2.1.3/gems/actionpack-4.0.0/lib/action_dispatch/middleware/templates/routes/_table.html.erb (14.4ms)
  Rendered /usr/local/rvm/gems/ruby-2.1.3/gems/actionpack-4.0.0/lib/action_dispatch/middleware/templates/rescues/routing_error.erb within rescues/layout (63.7ms)


Started GET "/users/1" for 10.0.2.2 at 2016-03-01 16:46:23 +0000

ActionController::RoutingError (No route matches [GET] "/users/1"):
  actionpack (4.0.0) lib/action_dispatch/middleware/debug_exceptions.rb:21:in `call'
  actionpack (4.0.0) lib/action_dispatch/middleware/show_exceptions.rb:30:in `call'
  railties (4.0.0) lib/rails/rack/logger.rb:38:in `call_app'
  railties (4.0.0) lib/rails/rack/logger.rb:21:in `block in call'
  activesupport (4.0.0) lib/active_support/tagged_logging.rb:67:in `block in tagged'
  activesupport (4.0.0) lib/active_support/tagged_logging.rb:25:in `tagged'
  activesupport (4.0.0) lib/active_support/tagged_logging.rb:67:in `tagged'
  railties (4.0.0) lib/rails/rack/logger.rb:21:in `call'
  actionpack (4.0.0) lib/action_dispatch/middleware/request_id.rb:21:in `call'
  rack (1.5.5) lib/rack/methodoverride.rb:21:in `call'
  rack (1.5.5) lib/rack/runtime.rb:17:in `call'
  activesupport (4.0.0) lib/active_support/cache/strategy/local_cache.rb:83:in `call'
  rack (1.5.5) lib/rack/lock.rb:17:in `call'
  actionpack (4.0.0) lib/action_dispatch/middleware/static.rb:64:in `call'
  railties (4.0.0) lib/rails/engine.rb:511:in `call'
  railties (4.0.0) lib/rails/application.rb:97:in `call'
  rack (1.5.5) lib/rack/lock.rb:17:in `call'
  rack (1.5.5) lib/rack/content_length.rb:14:in `call'
  rack (1.5.5) lib/rack/handler/webrick.rb:60:in `service'
  /usr/local/rvm/rubies/ruby-2.1.3/lib/ruby/2.1.0/webrick/httpserver.rb:138:in `service'
  /usr/local/rvm/rubies/ruby-2.1.3/lib/ruby/2.1.0/webrick/httpserver.rb:94:in `run'
  /usr/local/rvm/rubies/ruby-2.1.3/lib/ruby/2.1.0/webrick/server.rb:295:in `block in start_thread'


  Rendered /usr/local/rvm/gems/ruby-2.1.3/gems/actionpack-4.0.0/lib/action_dispatch/middleware/templates/rescues/_trace.erb (2.7ms)
  Rendered /usr/local/rvm/gems/ruby-2.1.3/gems/actionpack-4.0.0/lib/action_dispatch/middleware/templates/routes/_route.html.erb (1.0ms)
  Rendered /usr/local/rvm/gems/ruby-2.1.3/gems/actionpack-4.0.0/lib/action_dispatch/middleware/templates/routes/_table.html.erb (1.7ms)
  Rendered /usr/local/rvm/gems/ruby-2.1.3/gems/actionpack-4.0.0/lib/action_dispatch/middleware/templates/rescues/routing_error.erb within rescues/layout (32.2ms)


Started GET "/users" for 10.0.2.2 at 2016-03-01 16:46:27 +0000

ActionController::RoutingError (No route matches [GET] "/users"):
  actionpack (4.0.0) lib/action_dispatch/middleware/debug_exceptions.rb:21:in `call'
  actionpack (4.0.0) lib/action_dispatch/middleware/show_exceptions.rb:30:in `call'
  railties (4.0.0) lib/rails/rack/logger.rb:38:in `call_app'
  railties (4.0.0) lib/rails/rack/logger.rb:21:in `block in call'
  activesupport (4.0.0) lib/active_support/tagged_logging.rb:67:in `block in tagged'
  activesupport (4.0.0) lib/active_support/tagged_logging.rb:25:in `tagged'
  activesupport (4.0.0) lib/active_support/tagged_logging.rb:67:in `tagged'
  railties (4.0.0) lib/rails/rack/logger.rb:21:in `call'
  actionpack (4.0.0) lib/action_dispatch/middleware/request_id.rb:21:in `call'
  rack (1.5.5) lib/rack/methodoverride.rb:21:in `call'
  rack (1.5.5) lib/rack/runtime.rb:17:in `call'
  activesupport (4.0.0) lib/active_support/cache/strategy/local_cache.rb:83:in `call'
  rack (1.5.5) lib/rack/lock.rb:17:in `call'
  actionpack (4.0.0) lib/action_dispatch/middleware/static.rb:64:in `call'
  railties (4.0.0) lib/rails/engine.rb:511:in `call'
  railties (4.0.0) lib/rails/application.rb:97:in `call'
  rack (1.5.5) lib/rack/lock.rb:17:in `call'
  rack (1.5.5) lib/rack/content_length.rb:14:in `call'
  rack (1.5.5) lib/rack/handler/webrick.rb:60:in `service'
  /usr/local/rvm/rubies/ruby-2.1.3/lib/ruby/2.1.0/webrick/httpserver.rb:138:in `service'
  /usr/local/rvm/rubies/ruby-2.1.3/lib/ruby/2.1.0/webrick/httpserver.rb:94:in `run'
  /usr/local/rvm/rubies/ruby-2.1.3/lib/ruby/2.1.0/webrick/server.rb:295:in `block in start_thread'


  Rendered /usr/local/rvm/gems/ruby-2.1.3/gems/actionpack-4.0.0/lib/action_dispatch/middleware/templates/rescues/_trace.erb (1.7ms)
  Rendered /usr/local/rvm/gems/ruby-2.1.3/gems/actionpack-4.0.0/lib/action_dispatch/middleware/templates/routes/_route.html.erb (3.0ms)
  Rendered /usr/local/rvm/gems/ruby-2.1.3/gems/actionpack-4.0.0/lib/action_dispatch/middleware/templates/routes/_table.html.erb (1.3ms)
  Rendered /usr/local/rvm/gems/ruby-2.1.3/gems/actionpack-4.0.0/lib/action_dispatch/middleware/templates/rescues/routing_error.erb within rescues/layout (32.6ms)


Started GET "/" for 10.0.2.2 at 2016-03-01 16:46:31 +0000
Processing by MoviesController#index as HTML
  [1m[35mMovie Load (2.9ms)[0m  SELECT "movies".* FROM "movies"
  Rendered movies/index.html.erb within layouts/application (6.9ms)
Completed 200 OK in 180ms (Views: 176.4ms | ActiveRecord: 2.9ms)


Started GET "/assets/application.css?body=1" for 10.0.2.2 at 2016-03-01 16:46:31 +0000


Started GET "/assets/users.css?body=1" for 10.0.2.2 at 2016-03-01 16:46:32 +0000


Started GET "/assets/jquery.js?body=1" for 10.0.2.2 at 2016-03-01 16:46:32 +0000


Started GET "/assets/users.js?body=1" for 10.0.2.2 at 2016-03-01 16:46:32 +0000


Started GET "/assets/turbolinks.js?body=1" for 10.0.2.2 at 2016-03-01 16:46:32 +0000


Started GET "/assets/jquery_ujs.js?body=1" for 10.0.2.2 at 2016-03-01 16:46:32 +0000


Started GET "/assets/application.js?body=1" for 10.0.2.2 at 2016-03-01 16:46:32 +0000


Started GET "/" for 10.0.2.2 at 2016-03-01 18:04:16 +0000
  [1m[36mActiveRecord::SchemaMigration Load (3.3ms)[0m  [1mSELECT "schema_migrations".* FROM "schema_migrations"[0m
Processing by MoviesController#index as HTML
  [1m[35mMovie Load (3.1ms)[0m  SELECT "movies".* FROM "movies"
  Rendered movies/index.html.erb within layouts/application (84.6ms)
Completed 200 OK in 1714ms (Views: 1621.5ms | ActiveRecord: 6.0ms)


Started GET "/assets/application.css?body=1" for 10.0.2.2 at 2016-03-01 18:04:19 +0000


Started GET "/assets/users.css?body=1" for 10.0.2.2 at 2016-03-01 18:04:20 +0000


Started GET "/assets/jquery.js?body=1" for 10.0.2.2 at 2016-03-01 18:04:20 +0000


Started GET "/assets/sessions.css?body=1" for 10.0.2.2 at 2016-03-01 18:04:20 +0000


Started GET "/assets/jquery_ujs.js?body=1" for 10.0.2.2 at 2016-03-01 18:04:20 +0000


Started GET "/assets/turbolinks.js?body=1" for 10.0.2.2 at 2016-03-01 18:04:20 +0000


Started GET "/assets/sessions.js?body=1" for 10.0.2.2 at 2016-03-01 18:04:20 +0000


Started GET "/assets/users.js?body=1" for 10.0.2.2 at 2016-03-01 18:04:20 +0000


Started GET "/assets/application.js?body=1" for 10.0.2.2 at 2016-03-01 18:04:21 +0000


Started GET "/movies/1" for 10.0.2.2 at 2016-03-01 18:04:27 +0000
Processing by MoviesController#show as HTML
  Parameters: {"id"=>"1"}
  [1m[36mMovie Load (2.9ms)[0m  [1mSELECT "movies".* FROM "movies" WHERE "movies"."id" = ? LIMIT 1[0m  [["id", "1"]]
  Rendered movies/show.html.erb within layouts/application (5.2ms)
Completed 200 OK in 281ms (Views: 270.1ms | ActiveRecord: 2.9ms)


Started GET "/movies" for 10.0.2.2 at 2016-03-01 18:04:31 +0000
Processing by MoviesController#index as HTML
  [1m[35mMovie Load (3.0ms)[0m  SELECT "movies".* FROM "movies"
  Rendered movies/index.html.erb within layouts/application (11.4ms)
Completed 200 OK in 303ms (Views: 298.6ms | ActiveRecord: 3.0ms)


Started GET "/users" for 10.0.2.2 at 2016-03-01 18:04:36 +0000

ActionController::RoutingError (No route matches [GET] "/users"):
  actionpack (4.0.0) lib/action_dispatch/middleware/debug_exceptions.rb:21:in `call'
  actionpack (4.0.0) lib/action_dispatch/middleware/show_exceptions.rb:30:in `call'
  railties (4.0.0) lib/rails/rack/logger.rb:38:in `call_app'
  railties (4.0.0) lib/rails/rack/logger.rb:21:in `block in call'
  activesupport (4.0.0) lib/active_support/tagged_logging.rb:67:in `block in tagged'
  activesupport (4.0.0) lib/active_support/tagged_logging.rb:25:in `tagged'
  activesupport (4.0.0) lib/active_support/tagged_logging.rb:67:in `tagged'
  railties (4.0.0) lib/rails/rack/logger.rb:21:in `call'
  actionpack (4.0.0) lib/action_dispatch/middleware/request_id.rb:21:in `call'
  rack (1.5.5) lib/rack/methodoverride.rb:21:in `call'
  rack (1.5.5) lib/rack/runtime.rb:17:in `call'
  activesupport (4.0.0) lib/active_support/cache/strategy/local_cache.rb:83:in `call'
  rack (1.5.5) lib/rack/lock.rb:17:in `call'
  actionpack (4.0.0) lib/action_dispatch/middleware/static.rb:64:in `call'
  railties (4.0.0) lib/rails/engine.rb:511:in `call'
  railties (4.0.0) lib/rails/application.rb:97:in `call'
  rack (1.5.5) lib/rack/lock.rb:17:in `call'
  rack (1.5.5) lib/rack/content_length.rb:14:in `call'
  rack (1.5.5) lib/rack/handler/webrick.rb:60:in `service'
  /usr/local/rvm/rubies/ruby-2.1.3/lib/ruby/2.1.0/webrick/httpserver.rb:138:in `service'
  /usr/local/rvm/rubies/ruby-2.1.3/lib/ruby/2.1.0/webrick/httpserver.rb:94:in `run'
  /usr/local/rvm/rubies/ruby-2.1.3/lib/ruby/2.1.0/webrick/server.rb:295:in `block in start_thread'


  Rendered /usr/local/rvm/gems/ruby-2.1.3/gems/actionpack-4.0.0/lib/action_dispatch/middleware/templates/rescues/_trace.erb (1.7ms)
  Rendered /usr/local/rvm/gems/ruby-2.1.3/gems/actionpack-4.0.0/lib/action_dispatch/middleware/templates/routes/_route.html.erb (8.6ms)
  Rendered /usr/local/rvm/gems/ruby-2.1.3/gems/actionpack-4.0.0/lib/action_dispatch/middleware/templates/routes/_table.html.erb (45.4ms)
  Rendered /usr/local/rvm/gems/ruby-2.1.3/gems/actionpack-4.0.0/lib/action_dispatch/middleware/templates/rescues/routing_error.erb within rescues/layout (114.7ms)


Started GET "/users/new" for 10.0.2.2 at 2016-03-01 18:04:40 +0000
Processing by UsersController#new as HTML
  Rendered users/new.html.erb within layouts/application (110.8ms)
Completed 200 OK in 434ms (Views: 337.2ms | ActiveRecord: 4.1ms)


Started GET "/assets/jquery.js?body=1" for 10.0.2.2 at 2016-03-01 18:04:41 +0000


Started GET "/assets/sessions.css?body=1" for 10.0.2.2 at 2016-03-01 18:04:41 +0000


Started GET "/assets/turbolinks.js?body=1" for 10.0.2.2 at 2016-03-01 18:04:41 +0000


Started GET "/assets/users.css?body=1" for 10.0.2.2 at 2016-03-01 18:04:41 +0000


Started GET "/assets/jquery_ujs.js?body=1" for 10.0.2.2 at 2016-03-01 18:04:41 +0000


Started GET "/assets/application.css?body=1" for 10.0.2.2 at 2016-03-01 18:04:41 +0000


Started GET "/assets/sessions.js?body=1" for 10.0.2.2 at 2016-03-01 18:04:41 +0000


Started GET "/assets/users.js?body=1" for 10.0.2.2 at 2016-03-01 18:04:42 +0000


Started GET "/assets/application.js?body=1" for 10.0.2.2 at 2016-03-01 18:04:42 +0000


Started GET "/movies/new" for 10.0.2.2 at 2016-03-01 18:19:05 +0000
  [1m[36mActiveRecord::SchemaMigration Load (3.0ms)[0m  [1mSELECT "schema_migrations".* FROM "schema_migrations"[0m
Processing by MoviesController#new as HTML
  Rendered movies/_form.html.erb (145.4ms)
  Rendered movies/new.html.erb within layouts/application (227.0ms)
Completed 200 OK in 932ms (Views: 841.1ms | ActiveRecord: 3.4ms)


Started GET "/movies/4" for 10.0.2.2 at 2016-03-01 18:19:51 +0000
Processing by MoviesController#show as HTML
  Parameters: {"id"=>"4"}
  [1m[35mMovie Load (4.3ms)[0m  SELECT "movies".* FROM "movies" WHERE "movies"."id" = ? LIMIT 1  [["id", "4"]]
  Rendered movies/show.html.erb within layouts/application (14.2ms)
Completed 200 OK in 336ms (Views: 325.5ms | ActiveRecord: 4.3ms)


Started GET "/movies/4/edit" for 10.0.2.2 at 2016-03-01 18:19:54 +0000
Processing by MoviesController#edit as HTML
  Parameters: {"id"=>"4"}
  [1m[36mMovie Load (3.0ms)[0m  [1mSELECT "movies".* FROM "movies" WHERE "movies"."id" = ? LIMIT 1[0m  [["id", "4"]]
  Rendered movies/_form.html.erb (7.8ms)
  Rendered movies/edit.html.erb within layouts/application (75.7ms)
Completed 200 OK in 432ms (Views: 425.8ms | ActiveRecord: 3.0ms)


Started PATCH "/movies/4" for 10.0.2.2 at 2016-03-01 18:19:59 +0000
Processing by MoviesController#update as HTML
  Parameters: {"utf8"=>"✓", "authenticity_token"=>"B3h+NZwTyQssCJbnfzkDS+EnCv4fnonfTmrE2BsbY9g=", "movie"=>{"title"=>"The Big Lebowski", "release_date"=>"1988-05-06", "director"=>"Joel & Ethan Coen", "runtime_in_minutes"=>"117", "poster_image_url"=>"http://img.goldposter.com/2015/04/The-Big-Lebowski_poster_goldposter_com_33.jpg", "description"=>"\"The Dude\" Lebowski, mistaken for a millionaire Lebowski, seeks restitution for his ruined rug and enlists his bowling buddies to help get it."}, "commit"=>"Submit", "id"=>"4"}
  [1m[35mMovie Load (7.2ms)[0m  SELECT "movies".* FROM "movies" WHERE "movies"."id" = ? LIMIT 1  [["id", "4"]]
  [1m[36m (0.0ms)[0m  [1mbegin transaction[0m
  [1m[35mSQL (19.9ms)[0m  UPDATE "movies" SET "poster_image_url" = ?, "updated_at" = ? WHERE "movies"."id" = 4  [["poster_image_url", "http://img.goldposter.com/2015/04/The-Big-Lebowski_poster_goldposter_com_33.jpg"], ["updated_at", Tue, 01 Mar 2016 18:19:59 UTC +00:00]]
  [1m[36m (8.2ms)[0m  [1mcommit transaction[0m
Redirected to http://localhost:3000/movies.4
Completed 302 Found in 53ms (ActiveRecord: 35.3ms)


Started GET "/movies.4" for 10.0.2.2 at 2016-03-01 18:19:59 +0000
Processing by MoviesController#index as 
  [1m[35mMovie Load (3.1ms)[0m  SELECT "movies".* FROM "movies"
  Rendered movies/index.html.erb within layouts/application (8.3ms)
Completed 200 OK in 668ms (Views: 665.0ms | ActiveRecord: 3.1ms)


Started GET "/assets/application.css?body=1" for 10.0.2.2 at 2016-03-01 18:20:00 +0000


Started GET "/assets/sessions.css?body=1" for 10.0.2.2 at 2016-03-01 18:20:00 +0000


Started GET "/assets/turbolinks.js?body=1" for 10.0.2.2 at 2016-03-01 18:20:00 +0000


Started GET "/assets/jquery_ujs.js?body=1" for 10.0.2.2 at 2016-03-01 18:20:00 +0000


Started GET "/assets/users.css?body=1" for 10.0.2.2 at 2016-03-01 18:20:00 +0000


Started GET "/assets/jquery.js?body=1" for 10.0.2.2 at 2016-03-01 18:20:01 +0000


Started GET "/assets/sessions.js?body=1" for 10.0.2.2 at 2016-03-01 18:20:01 +0000


Started GET "/assets/users.js?body=1" for 10.0.2.2 at 2016-03-01 18:20:01 +0000


Started GET "/assets/application.js?body=1" for 10.0.2.2 at 2016-03-01 18:20:01 +0000


Started GET "/movies/4" for 10.0.2.2 at 2016-03-01 18:20:28 +0000
Processing by MoviesController#show as HTML
  Parameters: {"id"=>"4"}
  [1m[36mMovie Load (5.1ms)[0m  [1mSELECT "movies".* FROM "movies" WHERE "movies"."id" = ? LIMIT 1[0m  [["id", "4"]]
  Rendered movies/show.html.erb within layouts/application (3.8ms)
Completed 200 OK in 361ms (Views: 353.3ms | ActiveRecord: 5.1ms)


Started GET "/movies/4/edit" for 10.0.2.2 at 2016-03-01 18:20:31 +0000
Processing by MoviesController#edit as HTML
  Parameters: {"id"=>"4"}
  [1m[35mMovie Load (8.8ms)[0m  SELECT "movies".* FROM "movies" WHERE "movies"."id" = ? LIMIT 1  [["id", "4"]]
  Rendered movies/_form.html.erb (13.9ms)
  Rendered movies/edit.html.erb within layouts/application (96.1ms)
Completed 200 OK in 505ms (Views: 495.0ms | ActiveRecord: 8.8ms)


Started PATCH "/movies/4" for 10.0.2.2 at 2016-03-01 18:20:38 +0000
Processing by MoviesController#update as HTML
  Parameters: {"utf8"=>"✓", "authenticity_token"=>"B3h+NZwTyQssCJbnfzkDS+EnCv4fnonfTmrE2BsbY9g=", "movie"=>{"title"=>"The Big Lebowski", "release_date"=>"1988-05-06", "director"=>"Joel & Ethan Coen", "runtime_in_minutes"=>"117", "poster_image_url"=>"http://411posters.com/wp-content/uploads/2012/08/Ghoulish-Gary-Pullin-the-big-lebowski-gid-variant.jpg", "description"=>"\"The Dude\" Lebowski, mistaken for a millionaire Lebowski, seeks restitution for his ruined rug and enlists his bowling buddies to help get it."}, "commit"=>"Submit", "id"=>"4"}
  [1m[36mMovie Load (1.0ms)[0m  [1mSELECT "movies".* FROM "movies" WHERE "movies"."id" = ? LIMIT 1[0m  [["id", "4"]]
  [1m[35m (0.2ms)[0m  begin transaction
  [1m[36mSQL (5.2ms)[0m  [1mUPDATE "movies" SET "poster_image_url" = ?, "updated_at" = ? WHERE "movies"."id" = 4[0m  [["poster_image_url", "http://411posters.com/wp-content/uploads/2012/08/Ghoulish-Gary-Pullin-the-big-lebowski-gid-variant.jpg"], ["updated_at", Tue, 01 Mar 2016 18:20:38 UTC +00:00]]
  [1m[35m (4.8ms)[0m  commit transaction
Redirected to http://localhost:3000/movies.4
Completed 302 Found in 36ms (ActiveRecord: 11.2ms)


Started GET "/movies.4" for 10.0.2.2 at 2016-03-01 18:20:38 +0000
Processing by MoviesController#index as 
  [1m[36mMovie Load (2.9ms)[0m  [1mSELECT "movies".* FROM "movies"[0m
  Rendered movies/index.html.erb within layouts/application (7.5ms)
Completed 200 OK in 625ms (Views: 620.0ms | ActiveRecord: 2.9ms)


Started GET "/assets/application.css?body=1" for 10.0.2.2 at 2016-03-01 18:20:39 +0000


Started GET "/assets/sessions.css?body=1" for 10.0.2.2 at 2016-03-01 18:20:39 +0000


Started GET "/assets/turbolinks.js?body=1" for 10.0.2.2 at 2016-03-01 18:20:39 +0000


Started GET "/assets/jquery_ujs.js?body=1" for 10.0.2.2 at 2016-03-01 18:20:39 +0000


Started GET "/assets/jquery.js?body=1" for 10.0.2.2 at 2016-03-01 18:20:40 +0000


Started GET "/assets/users.css?body=1" for 10.0.2.2 at 2016-03-01 18:20:40 +0000


Started GET "/assets/sessions.js?body=1" for 10.0.2.2 at 2016-03-01 18:20:40 +0000


Started GET "/assets/users.js?body=1" for 10.0.2.2 at 2016-03-01 18:20:40 +0000


Started GET "/assets/application.js?body=1" for 10.0.2.2 at 2016-03-01 18:20:40 +0000


Started GET "/movies/new" for 10.0.2.2 at 2016-03-01 18:20:56 +0000
Processing by MoviesController#new as HTML
  Rendered movies/_form.html.erb (5.6ms)
  Rendered movies/new.html.erb within layouts/application (66.2ms)
Completed 200 OK in 377ms (Views: 376.2ms | ActiveRecord: 0.0ms)


Started POST "/movies" for 10.0.2.2 at 2016-03-01 18:22:48 +0000
Processing by MoviesController#create as HTML
  Parameters: {"utf8"=>"✓", "authenticity_token"=>"B3h+NZwTyQssCJbnfzkDS+EnCv4fnonfTmrE2BsbY9g=", "movie"=>{"title"=>"The conversation", "release_date"=>"1974-04-01", "director"=>"Francis Ford Coppola", "runtime_in_minutes"=>"113", "poster_image_url"=>"http://s3.amazonaws.com/quietus_production/images/articles/17623/the_conversation_poster_1428698938_crop_550x790.jpg", "description"=>"A paranoid, secretive surveillance expert has a crisis of conscience when he suspects that a couple he is spying on will be murdered."}, "commit"=>"Submit"}
  [1m[35m (0.0ms)[0m  begin transaction
  [1m[36mSQL (11.8ms)[0m  [1mINSERT INTO "movies" ("created_at", "description", "director", "poster_image_url", "release_date", "runtime_in_minutes", "title", "updated_at") VALUES (?, ?, ?, ?, ?, ?, ?, ?)[0m  [["created_at", Tue, 01 Mar 2016 18:22:49 UTC +00:00], ["description", "A paranoid, secretive surveillance expert has a crisis of conscience when he suspects that a couple he is spying on will be murdered."], ["director", "Francis Ford Coppola"], ["poster_image_url", "http://s3.amazonaws.com/quietus_production/images/articles/17623/the_conversation_poster_1428698938_crop_550x790.jpg"], ["release_date", Mon, 01 Apr 1974 00:00:00 UTC +00:00], ["runtime_in_minutes", 113], ["title", "The conversation"], ["updated_at", Tue, 01 Mar 2016 18:22:49 UTC +00:00]]
  [1m[35m (7.2ms)[0m  commit transaction
Redirected to http://localhost:3000/movies
Completed 302 Found in 33ms (ActiveRecord: 19.0ms)


Started GET "/movies" for 10.0.2.2 at 2016-03-01 18:22:49 +0000
Processing by MoviesController#index as HTML
  [1m[36mMovie Load (3.5ms)[0m  [1mSELECT "movies".* FROM "movies"[0m
  Rendered movies/index.html.erb within layouts/application (9.4ms)
Completed 200 OK in 302ms (Views: 296.3ms | ActiveRecord: 3.5ms)


Started GET "/assets/sessions.css?body=1" for 10.0.2.2 at 2016-03-01 18:22:49 +0000


Started GET "/assets/application.css?body=1" for 10.0.2.2 at 2016-03-01 18:22:49 +0000


Started GET "/assets/jquery.js?body=1" for 10.0.2.2 at 2016-03-01 18:22:49 +0000


Started GET "/assets/users.css?body=1" for 10.0.2.2 at 2016-03-01 18:22:49 +0000


Started GET "/assets/jquery_ujs.js?body=1" for 10.0.2.2 at 2016-03-01 18:22:50 +0000


Started GET "/assets/turbolinks.js?body=1" for 10.0.2.2 at 2016-03-01 18:22:50 +0000


Started GET "/assets/sessions.js?body=1" for 10.0.2.2 at 2016-03-01 18:22:50 +0000


Started GET "/assets/users.js?body=1" for 10.0.2.2 at 2016-03-01 18:22:50 +0000


Started GET "/assets/application.js?body=1" for 10.0.2.2 at 2016-03-01 18:22:50 +0000
